[2023/1/2 - 9:00:37] The faction vault is at $252.
[2023/1/2 - 9:00:37] Vehicle ID 308 (Slot ID 60) Maintainence fee cost $0 to TRES[CLOSED]'s budget fund.
[2023/1/2 - 9:00:37] Vehicle ID 317 (Slot ID 84) Maintainence fee cost $0 to TRES[CLOSED]'s budget fund.
[2023/1/2 - 9:00:37] Vehicle ID 318 (Slot ID 96) Maintainence fee cost $0 to TRES[CLOSED]'s budget fund.
[2023/1/2 - 9:00:37] Vehicle ID 320 (Slot ID 104) Maintainence fee cost $0 to TRES[CLOSED]'s budget fund.
[2023/1/2 - 9:00:37] Vehicle ID 324 (Slot ID 108) Maintainence fee cost $0 to TRES[CLOSED]'s budget fund.
[2023/1/2 - 9:00:37] Vehicle ID 331 (Slot ID 121) Maintainence fee cost $0 to TRES[CLOSED]'s budget fund.
[2023/1/2 - 9:00:37] Vehicle ID 338 (Slot ID 130) Maintainence fee cost $0 to TRES[CLOSED]'s budget fund.
[2023/1/2 - 9:00:37] Vehicle ID 352 (Slot ID 150) Maintainence fee cost $0 to TRES[CLOSED]'s budget fund.
[2023/1/2 - 9:00:37] Vehicle ID 374 (Slot ID 179) Maintainence fee cost $0 to TRES[CLOSED]'s budget fund.
[2023/1/2 - 9:00:37] Vehicle ID 375 (Slot ID 187) Maintainence fee cost $0 to TRES[CLOSED]'s budget fund.
[2023/1/2 - 9:00:38] Vehicle ID 410 (Slot ID 251) Maintainence fee cost $0 to TRES[CLOSED]'s budget fund.
[2023/1/2 - 9:00:38] Vehicle ID 419 (Slot ID 265) Maintainence fee cost $0 to TRES[CLOSED]'s budget fund.
[2023/1/2 - 9:00:38] Vehicle ID 0 (Slot ID 410) Maintainence fee cost $0 to TRES[CLOSED]'s budget fund.
[2023/1/2 - 9:00:38] Vehicle ID 471 (Slot ID 427) Maintainence fee cost $0 to TRES[CLOSED]'s budget fund.
[2023/1/2 - 9:00:38] Vehicle ID 472 (Slot ID 434) Maintainence fee cost $0 to TRES[CLOSED]'s budget fund.
[2023/1/2 - 9:00:38] Vehicle ID 0 (Slot ID 435) Maintainence fee cost $0 to TRES[CLOSED]'s budget fund.
[2023/1/2 - 9:00:38] Vehicle ID 478 (Slot ID 465) Maintainence fee cost $0 to TRES[CLOSED]'s budget fund.
[2023/1/2 - 9:00:38] Vehicle ID 0 (Slot ID 466) Maintainence fee cost $0 to TRES[CLOSED]'s budget fund.
[2023/1/2 - 9:00:38] Vehicle ID 479 (Slot ID 468) Maintainence fee cost $0 to TRES[CLOSED]'s budget fund.
[2023/1/2 - 10:00:45] The faction vault is at $207,954.
[2023/1/2 - 10:00:45] SA Gov Paid $50,000 to SA Fire and Medical Department budget fund.
[2023/1/2 - 10:00:45] Vehicle ID 0 (Slot ID 31) Maintainence fee cost $2,500 to SA Fire and Medical Department's budget fund.
[2023/1/2 - 10:00:45] Vehicle ID 0 (Slot ID 37) Maintainence fee cost $3,000 to SA Fire and Medical Department's budget fund.
[2023/1/2 - 10:00:45] Vehicle ID 0 (Slot ID 56) Maintainence fee cost $0 to SA Fire and Medical Department's budget fund.
[2023/1/2 - 10:00:45] Vehicle ID 0 (Slot ID 59) Maintainence fee cost $0 to SA Fire and Medical Department's budget fund.
[2023/1/2 - 10:00:45] Vehicle ID 0 (Slot ID 65) Maintainence fee cost $0 to SA Fire and Medical Department's budget fund.
[2023/1/2 - 10:00:45] Vehicle ID 0 (Slot ID 76) Maintainence fee cost $0 to SA Fire and Medical Department's budget fund.
[2023/1/2 - 10:00:45] Vehicle ID 0 (Slot ID 103) Maintainence fee cost $2,500 to SA Fire and Medical Department's budget fund.
[2023/1/2 - 10:00:45] Vehicle ID 0 (Slot ID 108) Maintainence fee cost $2,500 to SA Fire and Medical Department's budget fund.
[2023/1/2 - 10:00:45] Vehicle ID 0 (Slot ID 111) Maintainence fee cost $2,500 to SA Fire and Medical Department's budget fund.
[2023/1/2 - 10:00:45] Vehicle ID 0 (Slot ID 132) Maintainence fee cost $3,000 to SA Fire and Medical Department's budget fund.
[2023/1/2 - 10:00:45] Vehicle ID 0 (Slot ID 150) Maintainence fee cost $3,000 to SA Fire and Medical Department's budget fund.
[2023/1/2 - 10:00:45] Vehicle ID 0 (Slot ID 160) Maintainence fee cost $2,500 to SA Fire and Medical Department's budget fund.
[2023/1/2 - 10:00:45] Vehicle ID 0 (Slot ID 162) Maintainence fee cost $0 to SA Fire and Medical Department's budget fund.
[2023/1/2 - 10:00:45] Vehicle ID 0 (Slot ID 173) Maintainence fee cost $0 to SA Fire and Medical Department's budget fund.
[2023/1/2 - 10:00:45] Vehicle ID 0 (Slot ID 187) Maintainence fee cost $0 to SA Fire and Medical Department's budget fund.
[2023/1/2 - 10:00:45] Vehicle ID 0 (Slot ID 191) Maintainence fee cost $0 to SA Fire and Medical Department's budget fund.
[2023/1/2 - 10:00:45] Vehicle ID 0 (Slot ID 194) Maintainence fee cost $0 to SA Fire and Medical Department's budget fund.
[2023/1/2 - 10:00:45] Vehicle ID 0 (Slot ID 205) Maintainence fee cost $0 to SA Fire and Medical Department's budget fund.
[2023/1/2 - 10:00:45] Vehicle ID 0 (Slot ID 207) Maintainence fee cost $3,500 to SA Fire and Medical Department's budget fund.
[2023/1/2 - 10:00:45] Vehicle ID 0 (Slot ID 219) Maintainence fee cost $3,000 to SA Fire and Medical Department's budget fund.
[2023/1/2 - 10:00:45] Vehicle ID 0 (Slot ID 224) Maintainence fee cost $3,000 to SA Fire and Medical Department's budget fund.
[2023/1/2 - 10:00:45] Vehicle ID 0 (Slot ID 227) Maintainence fee cost $3,000 to SA Fire and Medical Department's budget fund.
[2023/1/2 - 10:00:45] Vehicle ID 0 (Slot ID 240) Maintainence fee cost $3,500 to SA Fire and Medical Department's budget fund.
[2023/1/2 - 10:00:45] Vehicle ID 0 (Slot ID 255) Maintainence fee cost $2,500 to SA Fire and Medical Department's budget fund.
[2023/1/2 - 10:00:45] Vehicle ID 0 (Slot ID 345) Maintainence fee cost $2,000 to SA Fire and Medical Department's budget fund.
[2023/1/2 - 10:00:45] Vehicle ID 0 (Slot ID 363) Maintainence fee cost $0 to SA Fire and Medical Department's budget fund.
[2023/1/2 - 10:00:45] Vehicle ID 0 (Slot ID 388) Maintainence fee cost $2,500 to SA Fire and Medical Department's budget fund.
[2023/1/2 - 10:00:45] Vehicle ID 0 (Slot ID 443) Maintainence fee cost $2,500 to SA Fire and Medical Department's budget fund.
[2023/1/2 - 10:00:45] Vehicle ID 0 (Slot ID 455) Maintainence fee cost $0 to SA Fire and Medical Department's budget fund.
[2023/1/2 - 11:00:36] The faction vault is at $210,954.
[2023/1/2 - 11:00:36] SA Gov Paid $50,000 to SA Fire and Medical Department budget fund.
[2023/1/2 - 11:00:36] Vehicle ID 0 (Slot ID 31) Maintainence fee cost $2,500 to SA Fire and Medical Department's budget fund.
[2023/1/2 - 11:00:36] Vehicle ID 0 (Slot ID 37) Maintainence fee cost $3,000 to SA Fire and Medical Department's budget fund.
[2023/1/2 - 11:00:36] Vehicle ID 0 (Slot ID 56) Maintainence fee cost $0 to SA Fire and Medical Department's budget fund.
[2023/1/2 - 11:00:36] Vehicle ID 0 (Slot ID 59) Maintainence fee cost $0 to SA Fire and Medical Department's budget fund.
[2023/1/2 - 11:00:36] Vehicle ID 0 (Slot ID 65) Maintainence fee cost $0 to SA Fire and Medical Department's budget fund.
[2023/1/2 - 11:00:36] Vehicle ID 0 (Slot ID 76) Maintainence fee cost $0 to SA Fire and Medical Department's budget fund.
[2023/1/2 - 11:00:36] Vehicle ID 0 (Slot ID 103) Maintainence fee cost $2,500 to SA Fire and Medical Department's budget fund.
[2023/1/2 - 11:00:36] Vehicle ID 0 (Slot ID 108) Maintainence fee cost $2,500 to SA Fire and Medical Department's budget fund.
[2023/1/2 - 11:00:36] Vehicle ID 0 (Slot ID 111) Maintainence fee cost $2,500 to SA Fire and Medical Department's budget fund.
[2023/1/2 - 11:00:36] Vehicle ID 0 (Slot ID 132) Maintainence fee cost $3,000 to SA Fire and Medical Department's budget fund.
[2023/1/2 - 11:00:36] Vehicle ID 0 (Slot ID 150) Maintainence fee cost $3,000 to SA Fire and Medical Department's budget fund.
[2023/1/2 - 11:00:36] Vehicle ID 0 (Slot ID 160) Maintainence fee cost $2,500 to SA Fire and Medical Department's budget fund.
[2023/1/2 - 11:00:36] Vehicle ID 0 (Slot ID 162) Maintainence fee cost $0 to SA Fire and Medical Department's budget fund.
[2023/1/2 - 11:00:36] Vehicle ID 0 (Slot ID 173) Maintainence fee cost $0 to SA Fire and Medical Department's budget fund.
[2023/1/2 - 11:00:36] Vehicle ID 0 (Slot ID 187) Maintainence fee cost $0 to SA Fire and Medical Department's budget fund.
[2023/1/2 - 11:00:36] Vehicle ID 0 (Slot ID 191) Maintainence fee cost $0 to SA Fire and Medical Department's budget fund.
[2023/1/2 - 11:00:36] Vehicle ID 0 (Slot ID 194) Maintainence fee cost $0 to SA Fire and Medical Department's budget fund.
[2023/1/2 - 11:00:36] Vehicle ID 0 (Slot ID 205) Maintainence fee cost $0 to SA Fire and Medical Department's budget fund.
[2023/1/2 - 11:00:36] Vehicle ID 0 (Slot ID 207) Maintainence fee cost $3,500 to SA Fire and Medical Department's budget fund.
[2023/1/2 - 11:00:36] Vehicle ID 0 (Slot ID 219) Maintainence fee cost $3,000 to SA Fire and Medical Department's budget fund.
[2023/1/2 - 11:00:36] Vehicle ID 0 (Slot ID 224) Maintainence fee cost $3,000 to SA Fire and Medical Department's budget fund.
[2023/1/2 - 11:00:36] Vehicle ID 0 (Slot ID 227) Maintainence fee cost $3,000 to SA Fire and Medical Department's budget fund.
[2023/1/2 - 11:00:36] Vehicle ID 0 (Slot ID 240) Maintainence fee cost $3,500 to SA Fire and Medical Department's budget fund.
[2023/1/2 - 11:00:36] Vehicle ID 0 (Slot ID 255) Maintainence fee cost $2,500 to SA Fire and Medical Department's budget fund.
[2023/1/2 - 11:00:36] Vehicle ID 0 (Slot ID 345) Maintainence fee cost $2,000 to SA Fire and Medical Department's budget fund.
[2023/1/2 - 11:00:36] Vehicle ID 0 (Slot ID 363) Maintainence fee cost $0 to SA Fire and Medical Department's budget fund.
[2023/1/2 - 11:00:36] Vehicle ID 0 (Slot ID 388) Maintainence fee cost $2,500 to SA Fire and Medical Department's budget fund.
[2023/1/2 - 11:00:36] Vehicle ID 0 (Slot ID 443) Maintainence fee cost $2,500 to SA Fire and Medical Department's budget fund.
[2023/1/2 - 11:00:36] Vehicle ID 0 (Slot ID 455) Maintainence fee cost $0 to SA Fire and Medical Department's budget fund.
[2023/1/2 - 12:00:53] The faction vault is at $213,954.
[2023/1/2 - 12:00:53] SA Gov Paid $50,000 to SA Fire and Medical Department budget fund.
[2023/1/2 - 12:00:53] Vehicle ID 0 (Slot ID 31) Maintainence fee cost $2,500 to SA Fire and Medical Department's budget fund.
[2023/1/2 - 12:00:53] Vehicle ID 0 (Slot ID 37) Maintainence fee cost $3,000 to SA Fire and Medical Department's budget fund.
[2023/1/2 - 12:00:53] Vehicle ID 0 (Slot ID 56) Maintainence fee cost $0 to SA Fire and Medical Department's budget fund.
[2023/1/2 - 12:00:53] Vehicle ID 0 (Slot ID 59) Maintainence fee cost $0 to SA Fire and Medical Department's budget fund.
[2023/1/2 - 12:00:53] Vehicle ID 0 (Slot ID 65) Maintainence fee cost $0 to SA Fire and Medical Department's budget fund.
[2023/1/2 - 12:00:53] Vehicle ID 0 (Slot ID 76) Maintainence fee cost $0 to SA Fire and Medical Department's budget fund.
[2023/1/2 - 12:00:53] Vehicle ID 0 (Slot ID 103) Maintainence fee cost $2,500 to SA Fire and Medical Department's budget fund.
[2023/1/2 - 12:00:53] Vehicle ID 0 (Slot ID 108) Maintainence fee cost $2,500 to SA Fire and Medical Department's budget fund.
[2023/1/2 - 12:00:53] Vehicle ID 0 (Slot ID 111) Maintainence fee cost $2,500 to SA Fire and Medical Department's budget fund.
[2023/1/2 - 12:00:53] Vehicle ID 0 (Slot ID 132) Maintainence fee cost $3,000 to SA Fire and Medical Department's budget fund.
[2023/1/2 - 12:00:53] Vehicle ID 0 (Slot ID 150) Maintainence fee cost $3,000 to SA Fire and Medical Department's budget fund.
[2023/1/2 - 12:00:53] Vehicle ID 0 (Slot ID 160) Maintainence fee cost $2,500 to SA Fire and Medical Department's budget fund.
[2023/1/2 - 12:00:53] Vehicle ID 0 (Slot ID 162) Maintainence fee cost $0 to SA Fire and Medical Department's budget fund.
[2023/1/2 - 12:00:53] Vehicle ID 0 (Slot ID 173) Maintainence fee cost $0 to SA Fire and Medical Department's budget fund.
[2023/1/2 - 12:00:53] Vehicle ID 0 (Slot ID 187) Maintainence fee cost $0 to SA Fire and Medical Department's budget fund.
[2023/1/2 - 12:00:53] Vehicle ID 0 (Slot ID 191) Maintainence fee cost $0 to SA Fire and Medical Department's budget fund.
[2023/1/2 - 12:00:53] Vehicle ID 0 (Slot ID 194) Maintainence fee cost $0 to SA Fire and Medical Department's budget fund.
[2023/1/2 - 12:00:53] Vehicle ID 0 (Slot ID 205) Maintainence fee cost $0 to SA Fire and Medical Department's budget fund.
[2023/1/2 - 12:00:53] Vehicle ID 0 (Slot ID 207) Maintainence fee cost $3,500 to SA Fire and Medical Department's budget fund.
[2023/1/2 - 12:00:53] Vehicle ID 0 (Slot ID 219) Maintainence fee cost $3,000 to SA Fire and Medical Department's budget fund.
[2023/1/2 - 12:00:53] Vehicle ID 0 (Slot ID 224) Maintainence fee cost $3,000 to SA Fire and Medical Department's budget fund.
[2023/1/2 - 12:00:53] Vehicle ID 0 (Slot ID 227) Maintainence fee cost $3,000 to SA Fire and Medical Department's budget fund.
[2023/1/2 - 12:00:53] Vehicle ID 0 (Slot ID 240) Maintainence fee cost $3,500 to SA Fire and Medical Department's budget fund.
[2023/1/2 - 12:00:53] Vehicle ID 0 (Slot ID 255) Maintainence fee cost $2,500 to SA Fire and Medical Department's budget fund.
[2023/1/2 - 12:00:53] Vehicle ID 0 (Slot ID 345) Maintainence fee cost $2,000 to SA Fire and Medical Department's budget fund.
[2023/1/2 - 12:00:53] Vehicle ID 0 (Slot ID 363) Maintainence fee cost $0 to SA Fire and Medical Department's budget fund.
[2023/1/2 - 12:00:53] Vehicle ID 0 (Slot ID 388) Maintainence fee cost $2,500 to SA Fire and Medical Department's budget fund.
[2023/1/2 - 12:00:53] Vehicle ID 0 (Slot ID 443) Maintainence fee cost $2,500 to SA Fire and Medical Department's budget fund.
[2023/1/2 - 12:00:53] Vehicle ID 0 (Slot ID 455) Maintainence fee cost $0 to SA Fire and Medical Department's budget fund.
[2023/1/2 - 13:00:43] The faction vault is at $216,954.
[2023/1/2 - 13:00:43] SA Gov Paid $50,000 to SA Fire and Medical Department budget fund.
[2023/1/2 - 13:00:43] Vehicle ID 0 (Slot ID 31) Maintainence fee cost $2,500 to SA Fire and Medical Department's budget fund.
[2023/1/2 - 13:00:43] Vehicle ID 0 (Slot ID 37) Maintainence fee cost $3,000 to SA Fire and Medical Department's budget fund.
[2023/1/2 - 13:00:43] Vehicle ID 0 (Slot ID 56) Maintainence fee cost $0 to SA Fire and Medical Department's budget fund.
[2023/1/2 - 13:00:43] Vehicle ID 0 (Slot ID 59) Maintainence fee cost $0 to SA Fire and Medical Department's budget fund.
[2023/1/2 - 13:00:43] Vehicle ID 0 (Slot ID 65) Maintainence fee cost $0 to SA Fire and Medical Department's budget fund.
[2023/1/2 - 13:00:43] Vehicle ID 0 (Slot ID 76) Maintainence fee cost $0 to SA Fire and Medical Department's budget fund.
[2023/1/2 - 13:00:43] Vehicle ID 0 (Slot ID 103) Maintainence fee cost $2,500 to SA Fire and Medical Department's budget fund.
[2023/1/2 - 13:00:43] Vehicle ID 0 (Slot ID 108) Maintainence fee cost $2,500 to SA Fire and Medical Department's budget fund.
[2023/1/2 - 13:00:43] Vehicle ID 0 (Slot ID 111) Maintainence fee cost $2,500 to SA Fire and Medical Department's budget fund.
[2023/1/2 - 13:00:43] Vehicle ID 0 (Slot ID 132) Maintainence fee cost $3,000 to SA Fire and Medical Department's budget fund.
[2023/1/2 - 13:00:43] Vehicle ID 0 (Slot ID 150) Maintainence fee cost $3,000 to SA Fire and Medical Department's budget fund.
[2023/1/2 - 13:00:43] Vehicle ID 0 (Slot ID 160) Maintainence fee cost $2,500 to SA Fire and Medical Department's budget fund.
[2023/1/2 - 13:00:43] Vehicle ID 0 (Slot ID 162) Maintainence fee cost $0 to SA Fire and Medical Department's budget fund.
[2023/1/2 - 13:00:43] Vehicle ID 0 (Slot ID 173) Maintainence fee cost $0 to SA Fire and Medical Department's budget fund.
[2023/1/2 - 13:00:43] Vehicle ID 0 (Slot ID 187) Maintainence fee cost $0 to SA Fire and Medical Department's budget fund.
[2023/1/2 - 13:00:43] Vehicle ID 0 (Slot ID 191) Maintainence fee cost $0 to SA Fire and Medical Department's budget fund.
[2023/1/2 - 13:00:43] Vehicle ID 0 (Slot ID 194) Maintainence fee cost $0 to SA Fire and Medical Department's budget fund.
[2023/1/2 - 13:00:43] Vehicle ID 0 (Slot ID 205) Maintainence fee cost $0 to SA Fire and Medical Department's budget fund.
[2023/1/2 - 13:00:43] Vehicle ID 0 (Slot ID 207) Maintainence fee cost $3,500 to SA Fire and Medical Department's budget fund.
[2023/1/2 - 13:00:43] Vehicle ID 0 (Slot ID 219) Maintainence fee cost $3,000 to SA Fire and Medical Department's budget fund.
[2023/1/2 - 13:00:43] Vehicle ID 0 (Slot ID 224) Maintainence fee cost $3,000 to SA Fire and Medical Department's budget fund.
[2023/1/2 - 13:00:43] Vehicle ID 0 (Slot ID 227) Maintainence fee cost $3,000 to SA Fire and Medical Department's budget fund.
[2023/1/2 - 13:00:43] Vehicle ID 0 (Slot ID 240) Maintainence fee cost $3,500 to SA Fire and Medical Department's budget fund.
[2023/1/2 - 13:00:43] Vehicle ID 0 (Slot ID 255) Maintainence fee cost $2,500 to SA Fire and Medical Department's budget fund.
[2023/1/2 - 13:00:43] Vehicle ID 0 (Slot ID 345) Maintainence fee cost $2,000 to SA Fire and Medical Department's budget fund.
[2023/1/2 - 13:00:43] Vehicle ID 0 (Slot ID 363) Maintainence fee cost $0 to SA Fire and Medical Department's budget fund.
[2023/1/2 - 13:00:43] Vehicle ID 0 (Slot ID 388) Maintainence fee cost $2,500 to SA Fire and Medical Department's budget fund.
[2023/1/2 - 13:00:43] Vehicle ID 0 (Slot ID 443) Maintainence fee cost $2,500 to SA Fire and Medical Department's budget fund.
[2023/1/2 - 13:00:43] Vehicle ID 0 (Slot ID 455) Maintainence fee cost $0 to SA Fire and Medical Department's budget fund.
[2023/1/2 - 14:00:56] The faction vault is at $219,954.
[2023/1/2 - 14:00:56] SA Gov Paid $50,000 to SA Fire and Medical Department budget fund.
[2023/1/2 - 14:00:56] Vehicle ID 0 (Slot ID 31) Maintainence fee cost $2,500 to SA Fire and Medical Department's budget fund.
[2023/1/2 - 14:00:56] Vehicle ID 0 (Slot ID 37) Maintainence fee cost $3,000 to SA Fire and Medical Department's budget fund.
[2023/1/2 - 14:00:56] Vehicle ID 0 (Slot ID 56) Maintainence fee cost $0 to SA Fire and Medical Department's budget fund.
[2023/1/2 - 14:00:56] Vehicle ID 0 (Slot ID 59) Maintainence fee cost $0 to SA Fire and Medical Department's budget fund.
[2023/1/2 - 14:00:56] Vehicle ID 0 (Slot ID 65) Maintainence fee cost $0 to SA Fire and Medical Department's budget fund.
[2023/1/2 - 14:00:56] Vehicle ID 0 (Slot ID 76) Maintainence fee cost $0 to SA Fire and Medical Department's budget fund.
[2023/1/2 - 14:00:56] Vehicle ID 0 (Slot ID 103) Maintainence fee cost $2,500 to SA Fire and Medical Department's budget fund.
[2023/1/2 - 14:00:56] Vehicle ID 0 (Slot ID 108) Maintainence fee cost $2,500 to SA Fire and Medical Department's budget fund.
[2023/1/2 - 14:00:56] Vehicle ID 0 (Slot ID 111) Maintainence fee cost $2,500 to SA Fire and Medical Department's budget fund.
[2023/1/2 - 14:00:56] Vehicle ID 0 (Slot ID 132) Maintainence fee cost $3,000 to SA Fire and Medical Department's budget fund.
[2023/1/2 - 14:00:56] Vehicle ID 0 (Slot ID 150) Maintainence fee cost $3,000 to SA Fire and Medical Department's budget fund.
[2023/1/2 - 14:00:56] Vehicle ID 0 (Slot ID 160) Maintainence fee cost $2,500 to SA Fire and Medical Department's budget fund.
[2023/1/2 - 14:00:56] Vehicle ID 0 (Slot ID 162) Maintainence fee cost $0 to SA Fire and Medical Department's budget fund.
[2023/1/2 - 14:00:56] Vehicle ID 0 (Slot ID 173) Maintainence fee cost $0 to SA Fire and Medical Department's budget fund.
[2023/1/2 - 14:00:56] Vehicle ID 0 (Slot ID 187) Maintainence fee cost $0 to SA Fire and Medical Department's budget fund.
[2023/1/2 - 14:00:56] Vehicle ID 0 (Slot ID 191) Maintainence fee cost $0 to SA Fire and Medical Department's budget fund.
[2023/1/2 - 14:00:56] Vehicle ID 0 (Slot ID 194) Maintainence fee cost $0 to SA Fire and Medical Department's budget fund.
[2023/1/2 - 14:00:56] Vehicle ID 0 (Slot ID 205) Maintainence fee cost $0 to SA Fire and Medical Department's budget fund.
[2023/1/2 - 14:00:56] Vehicle ID 0 (Slot ID 207) Maintainence fee cost $3,500 to SA Fire and Medical Department's budget fund.
[2023/1/2 - 14:00:56] Vehicle ID 0 (Slot ID 219) Maintainence fee cost $3,000 to SA Fire and Medical Department's budget fund.
[2023/1/2 - 14:00:56] Vehicle ID 0 (Slot ID 224) Maintainence fee cost $3,000 to SA Fire and Medical Department's budget fund.
[2023/1/2 - 14:00:56] Vehicle ID 0 (Slot ID 227) Maintainence fee cost $3,000 to SA Fire and Medical Department's budget fund.
[2023/1/2 - 14:00:56] Vehicle ID 0 (Slot ID 240) Maintainence fee cost $3,500 to SA Fire and Medical Department's budget fund.
[2023/1/2 - 14:00:56] Vehicle ID 0 (Slot ID 255) Maintainence fee cost $2,500 to SA Fire and Medical Department's budget fund.
[2023/1/2 - 14:00:56] Vehicle ID 0 (Slot ID 345) Maintainence fee cost $2,000 to SA Fire and Medical Department's budget fund.
[2023/1/2 - 14:00:56] Vehicle ID 0 (Slot ID 363) Maintainence fee cost $0 to SA Fire and Medical Department's budget fund.
[2023/1/2 - 14:00:56] Vehicle ID 0 (Slot ID 388) Maintainence fee cost $2,500 to SA Fire and Medical Department's budget fund.
[2023/1/2 - 14:00:56] Vehicle ID 0 (Slot ID 443) Maintainence fee cost $2,500 to SA Fire and Medical Department's budget fund.
[2023/1/2 - 14:00:56] Vehicle ID 0 (Slot ID 455) Maintainence fee cost $0 to SA Fire and Medical Department's budget fund.
[2023/1/2 - 15:01:06] The faction vault is at $222,954.
[2023/1/2 - 15:01:06] SA Gov Paid $50,000 to SA Fire and Medical Department budget fund.
[2023/1/2 - 15:01:06] Vehicle ID 0 (Slot ID 31) Maintainence fee cost $2,500 to SA Fire and Medical Department's budget fund.
[2023/1/2 - 15:01:06] Vehicle ID 0 (Slot ID 37) Maintainence fee cost $3,000 to SA Fire and Medical Department's budget fund.
[2023/1/2 - 15:01:06] Vehicle ID 0 (Slot ID 56) Maintainence fee cost $0 to SA Fire and Medical Department's budget fund.
[2023/1/2 - 15:01:06] Vehicle ID 0 (Slot ID 59) Maintainence fee cost $0 to SA Fire and Medical Department's budget fund.
[2023/1/2 - 15:01:06] Vehicle ID 0 (Slot ID 65) Maintainence fee cost $0 to SA Fire and Medical Department's budget fund.
[2023/1/2 - 15:01:06] Vehicle ID 0 (Slot ID 76) Maintainence fee cost $0 to SA Fire and Medical Department's budget fund.
[2023/1/2 - 15:01:06] Vehicle ID 0 (Slot ID 103) Maintainence fee cost $2,500 to SA Fire and Medical Department's budget fund.
[2023/1/2 - 15:01:06] Vehicle ID 0 (Slot ID 108) Maintainence fee cost $2,500 to SA Fire and Medical Department's budget fund.
[2023/1/2 - 15:01:06] Vehicle ID 0 (Slot ID 111) Maintainence fee cost $2,500 to SA Fire and Medical Department's budget fund.
[2023/1/2 - 15:01:06] Vehicle ID 0 (Slot ID 132) Maintainence fee cost $3,000 to SA Fire and Medical Department's budget fund.
[2023/1/2 - 15:01:06] Vehicle ID 0 (Slot ID 150) Maintainence fee cost $3,000 to SA Fire and Medical Department's budget fund.
[2023/1/2 - 15:01:06] Vehicle ID 0 (Slot ID 160) Maintainence fee cost $2,500 to SA Fire and Medical Department's budget fund.
[2023/1/2 - 15:01:06] Vehicle ID 0 (Slot ID 162) Maintainence fee cost $0 to SA Fire and Medical Department's budget fund.
[2023/1/2 - 15:01:06] Vehicle ID 0 (Slot ID 173) Maintainence fee cost $0 to SA Fire and Medical Department's budget fund.
[2023/1/2 - 15:01:06] Vehicle ID 0 (Slot ID 187) Maintainence fee cost $0 to SA Fire and Medical Department's budget fund.
[2023/1/2 - 15:01:06] Vehicle ID 0 (Slot ID 191) Maintainence fee cost $0 to SA Fire and Medical Department's budget fund.
[2023/1/2 - 15:01:06] Vehicle ID 0 (Slot ID 194) Maintainence fee cost $0 to SA Fire and Medical Department's budget fund.
[2023/1/2 - 15:01:06] Vehicle ID 0 (Slot ID 205) Maintainence fee cost $0 to SA Fire and Medical Department's budget fund.
[2023/1/2 - 15:01:06] Vehicle ID 0 (Slot ID 207) Maintainence fee cost $3,500 to SA Fire and Medical Department's budget fund.
[2023/1/2 - 15:01:06] Vehicle ID 0 (Slot ID 219) Maintainence fee cost $3,000 to SA Fire and Medical Department's budget fund.
[2023/1/2 - 15:01:06] Vehicle ID 0 (Slot ID 224) Maintainence fee cost $3,000 to SA Fire and Medical Department's budget fund.
[2023/1/2 - 15:01:06] Vehicle ID 0 (Slot ID 227) Maintainence fee cost $3,000 to SA Fire and Medical Department's budget fund.
[2023/1/2 - 15:01:06] Vehicle ID 0 (Slot ID 240) Maintainence fee cost $3,500 to SA Fire and Medical Department's budget fund.
[2023/1/2 - 15:01:06] Vehicle ID 0 (Slot ID 255) Maintainence fee cost $2,500 to SA Fire and Medical Department's budget fund.
[2023/1/2 - 15:01:06] Vehicle ID 0 (Slot ID 345) Maintainence fee cost $2,000 to SA Fire and Medical Department's budget fund.
[2023/1/2 - 15:01:06] Vehicle ID 0 (Slot ID 363) Maintainence fee cost $0 to SA Fire and Medical Department's budget fund.
[2023/1/2 - 15:01:06] Vehicle ID 0 (Slot ID 388) Maintainence fee cost $2,500 to SA Fire and Medical Department's budget fund.
[2023/1/2 - 15:01:06] Vehicle ID 0 (Slot ID 443) Maintainence fee cost $2,500 to SA Fire and Medical Department's budget fund.
[2023/1/2 - 15:01:06] Vehicle ID 0 (Slot ID 455) Maintainence fee cost $0 to SA Fire and Medical Department's budget fund.
[2023/1/2 - 16:00:05] The faction vault is at $225,954.
[2023/1/2 - 16:00:05] SA Gov Paid $50,000 to SA Fire and Medical Department budget fund.
[2023/1/2 - 16:00:06] Vehicle ID 0 (Slot ID 31) Maintainence fee cost $2,500 to SA Fire and Medical Department's budget fund.
[2023/1/2 - 16:00:06] Vehicle ID 0 (Slot ID 37) Maintainence fee cost $3,000 to SA Fire and Medical Department's budget fund.
[2023/1/2 - 16:00:06] Vehicle ID 0 (Slot ID 56) Maintainence fee cost $0 to SA Fire and Medical Department's budget fund.
[2023/1/2 - 16:00:06] Vehicle ID 0 (Slot ID 59) Maintainence fee cost $0 to SA Fire and Medical Department's budget fund.
[2023/1/2 - 16:00:06] Vehicle ID 0 (Slot ID 65) Maintainence fee cost $0 to SA Fire and Medical Department's budget fund.
[2023/1/2 - 16:00:06] Vehicle ID 0 (Slot ID 76) Maintainence fee cost $0 to SA Fire and Medical Department's budget fund.
[2023/1/2 - 16:00:06] Vehicle ID 0 (Slot ID 103) Maintainence fee cost $2,500 to SA Fire and Medical Department's budget fund.
[2023/1/2 - 16:00:06] Vehicle ID 0 (Slot ID 108) Maintainence fee cost $2,500 to SA Fire and Medical Department's budget fund.
[2023/1/2 - 16:00:06] Vehicle ID 0 (Slot ID 111) Maintainence fee cost $2,500 to SA Fire and Medical Department's budget fund.
[2023/1/2 - 16:00:06] Vehicle ID 0 (Slot ID 132) Maintainence fee cost $3,000 to SA Fire and Medical Department's budget fund.
[2023/1/2 - 16:00:06] Vehicle ID 0 (Slot ID 150) Maintainence fee cost $3,000 to SA Fire and Medical Department's budget fund.
[2023/1/2 - 16:00:06] Vehicle ID 0 (Slot ID 160) Maintainence fee cost $2,500 to SA Fire and Medical Department's budget fund.
[2023/1/2 - 16:00:06] Vehicle ID 0 (Slot ID 162) Maintainence fee cost $0 to SA Fire and Medical Department's budget fund.
[2023/1/2 - 16:00:06] Vehicle ID 0 (Slot ID 173) Maintainence fee cost $0 to SA Fire and Medical Department's budget fund.
[2023/1/2 - 16:00:06] Vehicle ID 0 (Slot ID 187) Maintainence fee cost $0 to SA Fire and Medical Department's budget fund.
[2023/1/2 - 16:00:06] Vehicle ID 0 (Slot ID 191) Maintainence fee cost $0 to SA Fire and Medical Department's budget fund.
[2023/1/2 - 16:00:06] Vehicle ID 0 (Slot ID 194) Maintainence fee cost $0 to SA Fire and Medical Department's budget fund.
[2023/1/2 - 16:00:06] Vehicle ID 0 (Slot ID 205) Maintainence fee cost $0 to SA Fire and Medical Department's budget fund.
[2023/1/2 - 16:00:06] Vehicle ID 0 (Slot ID 207) Maintainence fee cost $3,500 to SA Fire and Medical Department's budget fund.
[2023/1/2 - 16:00:06] Vehicle ID 0 (Slot ID 219) Maintainence fee cost $3,000 to SA Fire and Medical Department's budget fund.
[2023/1/2 - 16:00:06] Vehicle ID 0 (Slot ID 224) Maintainence fee cost $3,000 to SA Fire and Medical Department's budget fund.
[2023/1/2 - 16:00:06] Vehicle ID 0 (Slot ID 227) Maintainence fee cost $3,000 to SA Fire and Medical Department's budget fund.
[2023/1/2 - 16:00:06] Vehicle ID 0 (Slot ID 240) Maintainence fee cost $3,500 to SA Fire and Medical Department's budget fund.
[2023/1/2 - 16:00:06] Vehicle ID 0 (Slot ID 255) Maintainence fee cost $2,500 to SA Fire and Medical Department's budget fund.
[2023/1/2 - 16:00:06] Vehicle ID 0 (Slot ID 345) Maintainence fee cost $2,000 to SA Fire and Medical Department's budget fund.
[2023/1/2 - 16:00:06] Vehicle ID 0 (Slot ID 363) Maintainence fee cost $0 to SA Fire and Medical Department's budget fund.
[2023/1/2 - 16:00:06] Vehicle ID 0 (Slot ID 388) Maintainence fee cost $2,500 to SA Fire and Medical Department's budget fund.
[2023/1/2 - 16:00:06] Vehicle ID 0 (Slot ID 443) Maintainence fee cost $2,500 to SA Fire and Medical Department's budget fund.
[2023/1/2 - 16:00:06] Vehicle ID 0 (Slot ID 455) Maintainence fee cost $0 to SA Fire and Medical Department's budget fund.
[2023/1/2 - 18:32:20] The faction vault is at $228,954.
[2023/1/2 - 18:32:21] SA Gov Paid $50,000 to SA Fire and Medical Department budget fund.
[2023/1/2 - 18:32:21] Vehicle ID 0 (Slot ID 31) Maintainence fee cost $2,500 to SA Fire and Medical Department's budget fund.
[2023/1/2 - 18:32:21] Vehicle ID 0 (Slot ID 37) Maintainence fee cost $3,000 to SA Fire and Medical Department's budget fund.
[2023/1/2 - 18:32:21] Vehicle ID 0 (Slot ID 56) Maintainence fee cost $0 to SA Fire and Medical Department's budget fund.
[2023/1/2 - 18:32:21] Vehicle ID 0 (Slot ID 59) Maintainence fee cost $0 to SA Fire and Medical Department's budget fund.
[2023/1/2 - 18:32:21] Vehicle ID 0 (Slot ID 65) Maintainence fee cost $0 to SA Fire and Medical Department's budget fund.
[2023/1/2 - 18:32:21] Vehicle ID 0 (Slot ID 76) Maintainence fee cost $0 to SA Fire and Medical Department's budget fund.
[2023/1/2 - 18:32:21] Vehicle ID 0 (Slot ID 103) Maintainence fee cost $2,500 to SA Fire and Medical Department's budget fund.
[2023/1/2 - 18:32:21] Vehicle ID 0 (Slot ID 108) Maintainence fee cost $2,500 to SA Fire and Medical Department's budget fund.
[2023/1/2 - 18:32:21] Vehicle ID 0 (Slot ID 111) Maintainence fee cost $2,500 to SA Fire and Medical Department's budget fund.
[2023/1/2 - 18:32:21] Vehicle ID 0 (Slot ID 132) Maintainence fee cost $3,000 to SA Fire and Medical Department's budget fund.
[2023/1/2 - 18:32:21] Vehicle ID 0 (Slot ID 150) Maintainence fee cost $3,000 to SA Fire and Medical Department's budget fund.
[2023/1/2 - 18:32:21] Vehicle ID 0 (Slot ID 160) Maintainence fee cost $2,500 to SA Fire and Medical Department's budget fund.
[2023/1/2 - 18:32:21] Vehicle ID 0 (Slot ID 162) Maintainence fee cost $0 to SA Fire and Medical Department's budget fund.
[2023/1/2 - 18:32:21] Vehicle ID 0 (Slot ID 173) Maintainence fee cost $0 to SA Fire and Medical Department's budget fund.
[2023/1/2 - 18:32:21] Vehicle ID 0 (Slot ID 187) Maintainence fee cost $0 to SA Fire and Medical Department's budget fund.
[2023/1/2 - 18:32:21] Vehicle ID 0 (Slot ID 191) Maintainence fee cost $0 to SA Fire and Medical Department's budget fund.
[2023/1/2 - 18:32:21] Vehicle ID 0 (Slot ID 194) Maintainence fee cost $0 to SA Fire and Medical Department's budget fund.
[2023/1/2 - 18:32:21] Vehicle ID 0 (Slot ID 205) Maintainence fee cost $0 to SA Fire and Medical Department's budget fund.
[2023/1/2 - 18:32:21] Vehicle ID 0 (Slot ID 207) Maintainence fee cost $3,500 to SA Fire and Medical Department's budget fund.
[2023/1/2 - 18:32:21] Vehicle ID 0 (Slot ID 219) Maintainence fee cost $3,000 to SA Fire and Medical Department's budget fund.
[2023/1/2 - 18:32:21] Vehicle ID 0 (Slot ID 224) Maintainence fee cost $3,000 to SA Fire and Medical Department's budget fund.
[2023/1/2 - 18:32:21] Vehicle ID 0 (Slot ID 227) Maintainence fee cost $3,000 to SA Fire and Medical Department's budget fund.
[2023/1/2 - 18:32:21] Vehicle ID 0 (Slot ID 240) Maintainence fee cost $3,500 to SA Fire and Medical Department's budget fund.
[2023/1/2 - 18:32:21] Vehicle ID 0 (Slot ID 255) Maintainence fee cost $2,500 to SA Fire and Medical Department's budget fund.
[2023/1/2 - 18:32:21] Vehicle ID 0 (Slot ID 345) Maintainence fee cost $2,000 to SA Fire and Medical Department's budget fund.
[2023/1/2 - 18:32:21] Vehicle ID 0 (Slot ID 363) Maintainence fee cost $0 to SA Fire and Medical Department's budget fund.
[2023/1/2 - 18:32:21] Vehicle ID 0 (Slot ID 388) Maintainence fee cost $2,500 to SA Fire and Medical Department's budget fund.
[2023/1/2 - 18:32:21] Vehicle ID 0 (Slot ID 443) Maintainence fee cost $2,500 to SA Fire and Medical Department's budget fund.
[2023/1/2 - 18:32:21] Vehicle ID 0 (Slot ID 455) Maintainence fee cost $0 to SA Fire and Medical Department's budget fund.
[2023/1/2 - 21:38:32] The faction vault is at $231,954.
[2023/1/2 - 21:38:32] SA Gov Paid $50,000 to SA Fire and Medical Department budget fund.
[2023/1/2 - 21:38:32] Vehicle ID 0 (Slot ID 31) Maintainence fee cost $2,500 to SA Fire and Medical Department's budget fund.
[2023/1/2 - 21:38:32] Vehicle ID 0 (Slot ID 37) Maintainence fee cost $3,000 to SA Fire and Medical Department's budget fund.
[2023/1/2 - 21:38:32] Vehicle ID 0 (Slot ID 56) Maintainence fee cost $0 to SA Fire and Medical Department's budget fund.
[2023/1/2 - 21:38:32] Vehicle ID 0 (Slot ID 59) Maintainence fee cost $0 to SA Fire and Medical Department's budget fund.
[2023/1/2 - 21:38:32] Vehicle ID 0 (Slot ID 65) Maintainence fee cost $0 to SA Fire and Medical Department's budget fund.
[2023/1/2 - 21:38:32] Vehicle ID 0 (Slot ID 76) Maintainence fee cost $0 to SA Fire and Medical Department's budget fund.
[2023/1/2 - 21:38:32] Vehicle ID 0 (Slot ID 103) Maintainence fee cost $2,500 to SA Fire and Medical Department's budget fund.
[2023/1/2 - 21:38:32] Vehicle ID 0 (Slot ID 108) Maintainence fee cost $2,500 to SA Fire and Medical Department's budget fund.
[2023/1/2 - 21:38:32] Vehicle ID 0 (Slot ID 111) Maintainence fee cost $2,500 to SA Fire and Medical Department's budget fund.
[2023/1/2 - 21:38:32] Vehicle ID 0 (Slot ID 132) Maintainence fee cost $3,000 to SA Fire and Medical Department's budget fund.
[2023/1/2 - 21:38:32] Vehicle ID 0 (Slot ID 150) Maintainence fee cost $3,000 to SA Fire and Medical Department's budget fund.
[2023/1/2 - 21:38:32] Vehicle ID 0 (Slot ID 160) Maintainence fee cost $2,500 to SA Fire and Medical Department's budget fund.
[2023/1/2 - 21:38:32] Vehicle ID 0 (Slot ID 162) Maintainence fee cost $0 to SA Fire and Medical Department's budget fund.
[2023/1/2 - 21:38:32] Vehicle ID 0 (Slot ID 173) Maintainence fee cost $0 to SA Fire and Medical Department's budget fund.
[2023/1/2 - 21:38:32] Vehicle ID 0 (Slot ID 187) Maintainence fee cost $0 to SA Fire and Medical Department's budget fund.
[2023/1/2 - 21:38:32] Vehicle ID 0 (Slot ID 191) Maintainence fee cost $0 to SA Fire and Medical Department's budget fund.
[2023/1/2 - 21:38:32] Vehicle ID 0 (Slot ID 194) Maintainence fee cost $0 to SA Fire and Medical Department's budget fund.
[2023/1/2 - 21:38:32] Vehicle ID 0 (Slot ID 205) Maintainence fee cost $0 to SA Fire and Medical Department's budget fund.
[2023/1/2 - 21:38:32] Vehicle ID 0 (Slot ID 207) Maintainence fee cost $3,500 to SA Fire and Medical Department's budget fund.
[2023/1/2 - 21:38:32] Vehicle ID 0 (Slot ID 219) Maintainence fee cost $3,000 to SA Fire and Medical Department's budget fund.
[2023/1/2 - 21:38:32] Vehicle ID 0 (Slot ID 224) Maintainence fee cost $3,000 to SA Fire and Medical Department's budget fund.
[2023/1/2 - 21:38:32] Vehicle ID 0 (Slot ID 227) Maintainence fee cost $3,000 to SA Fire and Medical Department's budget fund.
[2023/1/2 - 21:38:32] Vehicle ID 0 (Slot ID 240) Maintainence fee cost $3,500 to SA Fire and Medical Department's budget fund.
[2023/1/2 - 21:38:32] Vehicle ID 0 (Slot ID 255) Maintainence fee cost $2,500 to SA Fire and Medical Department's budget fund.
[2023/1/2 - 21:38:32] Vehicle ID 0 (Slot ID 345) Maintainence fee cost $2,000 to SA Fire and Medical Department's budget fund.
[2023/1/2 - 21:38:32] Vehicle ID 0 (Slot ID 363) Maintainence fee cost $0 to SA Fire and Medical Department's budget fund.
[2023/1/2 - 21:38:32] Vehicle ID 0 (Slot ID 388) Maintainence fee cost $2,500 to SA Fire and Medical Department's budget fund.
[2023/1/2 - 21:38:32] Vehicle ID 0 (Slot ID 443) Maintainence fee cost $2,500 to SA Fire and Medical Department's budget fund.
[2023/1/2 - 21:38:32] Vehicle ID 0 (Slot ID 455) Maintainence fee cost $0 to SA Fire and Medical Department's budget fund.
[2023/1/2 - 22:00:57] The faction vault is at $234,954.
[2023/1/2 - 22:00:57] SA Gov Paid $50,000 to SA Fire and Medical Department budget fund.
[2023/1/2 - 22:00:57] Vehicle ID 0 (Slot ID 31) Maintainence fee cost $2,500 to SA Fire and Medical Department's budget fund.
[2023/1/2 - 22:00:57] Vehicle ID 0 (Slot ID 37) Maintainence fee cost $3,000 to SA Fire and Medical Department's budget fund.
[2023/1/2 - 22:00:57] Vehicle ID 0 (Slot ID 56) Maintainence fee cost $0 to SA Fire and Medical Department's budget fund.
[2023/1/2 - 22:00:57] Vehicle ID 0 (Slot ID 59) Maintainence fee cost $0 to SA Fire and Medical Department's budget fund.
[2023/1/2 - 22:00:57] Vehicle ID 0 (Slot ID 65) Maintainence fee cost $0 to SA Fire and Medical Department's budget fund.
[2023/1/2 - 22:00:57] Vehicle ID 0 (Slot ID 76) Maintainence fee cost $0 to SA Fire and Medical Department's budget fund.
[2023/1/2 - 22:00:57] Vehicle ID 0 (Slot ID 103) Maintainence fee cost $2,500 to SA Fire and Medical Department's budget fund.
[2023/1/2 - 22:00:57] Vehicle ID 0 (Slot ID 108) Maintainence fee cost $2,500 to SA Fire and Medical Department's budget fund.
[2023/1/2 - 22:00:57] Vehicle ID 0 (Slot ID 111) Maintainence fee cost $2,500 to SA Fire and Medical Department's budget fund.
[2023/1/2 - 22:00:57] Vehicle ID 0 (Slot ID 132) Maintainence fee cost $3,000 to SA Fire and Medical Department's budget fund.
[2023/1/2 - 22:00:57] Vehicle ID 0 (Slot ID 150) Maintainence fee cost $3,000 to SA Fire and Medical Department's budget fund.
[2023/1/2 - 22:00:57] Vehicle ID 0 (Slot ID 160) Maintainence fee cost $2,500 to SA Fire and Medical Department's budget fund.
[2023/1/2 - 22:00:57] Vehicle ID 0 (Slot ID 162) Maintainence fee cost $0 to SA Fire and Medical Department's budget fund.
[2023/1/2 - 22:00:57] Vehicle ID 0 (Slot ID 173) Maintainence fee cost $0 to SA Fire and Medical Department's budget fund.
[2023/1/2 - 22:00:57] Vehicle ID 0 (Slot ID 187) Maintainence fee cost $0 to SA Fire and Medical Department's budget fund.
[2023/1/2 - 22:00:57] Vehicle ID 0 (Slot ID 191) Maintainence fee cost $0 to SA Fire and Medical Department's budget fund.
[2023/1/2 - 22:00:57] Vehicle ID 0 (Slot ID 194) Maintainence fee cost $0 to SA Fire and Medical Department's budget fund.
[2023/1/2 - 22:00:57] Vehicle ID 0 (Slot ID 205) Maintainence fee cost $0 to SA Fire and Medical Department's budget fund.
[2023/1/2 - 22:00:57] Vehicle ID 0 (Slot ID 207) Maintainence fee cost $3,500 to SA Fire and Medical Department's budget fund.
[2023/1/2 - 22:00:57] Vehicle ID 0 (Slot ID 219) Maintainence fee cost $3,000 to SA Fire and Medical Department's budget fund.
[2023/1/2 - 22:00:57] Vehicle ID 0 (Slot ID 224) Maintainence fee cost $3,000 to SA Fire and Medical Department's budget fund.
[2023/1/2 - 22:00:57] Vehicle ID 0 (Slot ID 227) Maintainence fee cost $3,000 to SA Fire and Medical Department's budget fund.
[2023/1/2 - 22:00:57] Vehicle ID 0 (Slot ID 240) Maintainence fee cost $3,500 to SA Fire and Medical Department's budget fund.
[2023/1/2 - 22:00:57] Vehicle ID 0 (Slot ID 255) Maintainence fee cost $2,500 to SA Fire and Medical Department's budget fund.
[2023/1/2 - 22:00:57] Vehicle ID 0 (Slot ID 345) Maintainence fee cost $2,000 to SA Fire and Medical Department's budget fund.
[2023/1/2 - 22:00:57] Vehicle ID 0 (Slot ID 363) Maintainence fee cost $0 to SA Fire and Medical Department's budget fund.
[2023/1/2 - 22:00:57] Vehicle ID 0 (Slot ID 388) Maintainence fee cost $2,500 to SA Fire and Medical Department's budget fund.
[2023/1/2 - 22:00:57] Vehicle ID 0 (Slot ID 443) Maintainence fee cost $2,500 to SA Fire and Medical Department's budget fund.
[2023/1/2 - 22:00:57] Vehicle ID 0 (Slot ID 455) Maintainence fee cost $0 to SA Fire and Medical Department's budget fund.
