[2023/1/2 - 9:00:32] The faction vault is at $33,503,806.
[2023/1/2 - 9:00:32] Vehicle ID 285 (Slot ID 6) Maintainence fee cost $2,000 to LSPD's budget fund.
[2023/1/2 - 9:00:32] Vehicle ID 286 (Slot ID 7) Maintainence fee cost $2,000 to LSPD's budget fund.
[2023/1/2 - 9:00:32] Vehicle ID 287 (Slot ID 8) Maintainence fee cost $2,000 to LSPD's budget fund.
[2023/1/2 - 9:00:32] Vehicle ID 290 (Slot ID 12) Maintainence fee cost $0 to LSPD's budget fund.
[2023/1/2 - 9:00:32] Vehicle ID 293 (Slot ID 15) Maintainence fee cost $2,000 to LSPD's budget fund.
[2023/1/2 - 9:00:32] Vehicle ID 304 (Slot ID 33) Maintainence fee cost $0 to LSPD's budget fund.
[2023/1/2 - 9:00:32] Vehicle ID 309 (Slot ID 71) Maintainence fee cost $0 to LSPD's budget fund.
[2023/1/2 - 9:00:32] Vehicle ID 310 (Slot ID 72) Maintainence fee cost $2,000 to LSPD's budget fund.
[2023/1/2 - 9:00:32] Vehicle ID 312 (Slot ID 77) Maintainence fee cost $2,000 to LSPD's budget fund.
[2023/1/2 - 9:00:32] Vehicle ID 313 (Slot ID 80) Maintainence fee cost $2,000 to LSPD's budget fund.
[2023/1/2 - 9:00:32] Vehicle ID 321 (Slot ID 105) Maintainence fee cost $2,000 to LSPD's budget fund.
[2023/1/2 - 9:00:32] Vehicle ID 323 (Slot ID 107) Maintainence fee cost $2,000 to LSPD's budget fund.
[2023/1/2 - 9:00:32] Vehicle ID 325 (Slot ID 115) Maintainence fee cost $2,000 to LSPD's budget fund.
[2023/1/2 - 9:00:32] Vehicle ID 326 (Slot ID 116) Maintainence fee cost $2,000 to LSPD's budget fund.
[2023/1/2 - 9:00:32] Vehicle ID 329 (Slot ID 119) Maintainence fee cost $2,000 to LSPD's budget fund.
[2023/1/2 - 9:00:32] Vehicle ID 332 (Slot ID 122) Maintainence fee cost $2,000 to LSPD's budget fund.
[2023/1/2 - 9:00:32] Vehicle ID 334 (Slot ID 124) Maintainence fee cost $0 to LSPD's budget fund.
[2023/1/2 - 9:00:32] Vehicle ID 337 (Slot ID 129) Maintainence fee cost $2,000 to LSPD's budget fund.
[2023/1/2 - 9:00:32] Vehicle ID 339 (Slot ID 131) Maintainence fee cost $2,000 to LSPD's budget fund.
[2023/1/2 - 9:00:32] Vehicle ID 340 (Slot ID 132) Maintainence fee cost $0 to LSPD's budget fund.
[2023/1/2 - 9:00:32] Vehicle ID 343 (Slot ID 136) Maintainence fee cost $2,000 to LSPD's budget fund.
[2023/1/2 - 9:00:32] Vehicle ID 344 (Slot ID 139) Maintainence fee cost $2,000 to LSPD's budget fund.
[2023/1/2 - 9:00:32] Vehicle ID 345 (Slot ID 140) Maintainence fee cost $0 to LSPD's budget fund.
[2023/1/2 - 9:00:32] Vehicle ID 346 (Slot ID 141) Maintainence fee cost $0 to LSPD's budget fund.
[2023/1/2 - 9:00:32] Vehicle ID 358 (Slot ID 158) Maintainence fee cost $0 to LSPD's budget fund.
[2023/1/2 - 9:00:32] Vehicle ID 384 (Slot ID 204) Maintainence fee cost $2,000 to LSPD's budget fund.
[2023/1/2 - 9:00:32] Vehicle ID 394 (Slot ID 224) Maintainence fee cost $0 to LSPD's budget fund.
[2023/1/2 - 9:00:32] Vehicle ID 395 (Slot ID 225) Maintainence fee cost $0 to LSPD's budget fund.
[2023/1/2 - 9:00:32] Vehicle ID 400 (Slot ID 237) Maintainence fee cost $0 to LSPD's budget fund.
[2023/1/2 - 9:00:32] Vehicle ID 414 (Slot ID 259) Maintainence fee cost $0 to LSPD's budget fund.
[2023/1/2 - 9:00:32] Vehicle ID 481 (Slot ID 485) Maintainence fee cost $2,000 to LSPD's budget fund.
[2023/1/2 - 10:00:44] The faction vault is at $898.
[2023/1/2 - 10:00:44] SA Gov Paid $100,000 to Los Santos Police Department budget fund.
[2023/1/2 - 10:00:44] Vehicle ID 0 (Slot ID 3) Maintainence fee cost $2,500 to Los Santos Police Department's budget fund.
[2023/1/2 - 10:00:44] Vehicle ID 0 (Slot ID 7) Maintainence fee cost $2,000 to Los Santos Police Department's budget fund.
[2023/1/2 - 10:00:44] Vehicle ID 0 (Slot ID 11) Maintainence fee cost $2,500 to Los Santos Police Department's budget fund.
[2023/1/2 - 10:00:44] Vehicle ID 254 (Slot ID 21) Maintainence fee cost $0 to Los Santos Police Department's budget fund.
[2023/1/2 - 10:00:44] Vehicle ID 0 (Slot ID 27) Maintainence fee cost $2,500 to Los Santos Police Department's budget fund.
[2023/1/2 - 10:00:44] Vehicle ID 0 (Slot ID 28) Maintainence fee cost $5,000 to Los Santos Police Department's budget fund.
[2023/1/2 - 10:00:44] Vehicle ID 0 (Slot ID 30) Maintainence fee cost $3,500 to Los Santos Police Department's budget fund.
[2023/1/2 - 10:00:44] Vehicle ID 257 (Slot ID 33) Maintainence fee cost $0 to Los Santos Police Department's budget fund.
[2023/1/2 - 10:00:44] Vehicle ID 0 (Slot ID 38) Maintainence fee cost $2,000 to Los Santos Police Department's budget fund.
[2023/1/2 - 10:00:44] Vehicle ID 0 (Slot ID 46) Maintainence fee cost $2,500 to Los Santos Police Department's budget fund.
[2023/1/2 - 10:00:44] Vehicle ID 0 (Slot ID 51) Maintainence fee cost $3,500 to Los Santos Police Department's budget fund.
[2023/1/2 - 10:00:44] Vehicle ID 0 (Slot ID 60) Maintainence fee cost $2,000 to Los Santos Police Department's budget fund.
[2023/1/2 - 10:00:44] Vehicle ID 0 (Slot ID 61) Maintainence fee cost $3,500 to Los Santos Police Department's budget fund.
[2023/1/2 - 10:00:44] Vehicle ID 0 (Slot ID 66) Maintainence fee cost $2,500 to Los Santos Police Department's budget fund.
[2023/1/2 - 10:00:44] Vehicle ID 0 (Slot ID 72) Maintainence fee cost $3,000 to Los Santos Police Department's budget fund.
[2023/1/2 - 10:00:44] Vehicle ID 0 (Slot ID 74) Maintainence fee cost $2,500 to Los Santos Police Department's budget fund.
[2023/1/2 - 10:00:44] Vehicle ID 0 (Slot ID 79) Maintainence fee cost $4,500 to Los Santos Police Department's budget fund.
[2023/1/2 - 10:00:44] Vehicle ID 0 (Slot ID 81) Maintainence fee cost $3,500 to Los Santos Police Department's budget fund.
[2023/1/2 - 10:00:44] Vehicle ID 0 (Slot ID 83) Maintainence fee cost $2,500 to Los Santos Police Department's budget fund.
[2023/1/2 - 10:00:44] Vehicle ID 0 (Slot ID 89) Maintainence fee cost $3,000 to Los Santos Police Department's budget fund.
[2023/1/2 - 10:00:44] Vehicle ID 0 (Slot ID 94) Maintainence fee cost $2,500 to Los Santos Police Department's budget fund.
[2023/1/2 - 10:00:44] Vehicle ID 0 (Slot ID 119) Maintainence fee cost $2,500 to Los Santos Police Department's budget fund.
[2023/1/2 - 10:00:44] Vehicle ID 0 (Slot ID 122) Maintainence fee cost $2,500 to Los Santos Police Department's budget fund.
[2023/1/2 - 10:00:44] Vehicle ID 0 (Slot ID 130) Maintainence fee cost $2,500 to Los Santos Police Department's budget fund.
[2023/1/2 - 10:00:44] Vehicle ID 0 (Slot ID 131) Maintainence fee cost $2,500 to Los Santos Police Department's budget fund.
[2023/1/2 - 10:00:44] Vehicle ID 0 (Slot ID 133) Maintainence fee cost $2,500 to Los Santos Police Department's budget fund.
[2023/1/2 - 10:00:44] Vehicle ID 0 (Slot ID 141) Maintainence fee cost $2,500 to Los Santos Police Department's budget fund.
[2023/1/2 - 10:00:44] Vehicle ID 0 (Slot ID 143) Maintainence fee cost $2,500 to Los Santos Police Department's budget fund.
[2023/1/2 - 10:00:44] Vehicle ID 0 (Slot ID 145) Maintainence fee cost $2,500 to Los Santos Police Department's budget fund.
[2023/1/2 - 10:00:44] Vehicle ID 0 (Slot ID 148) Maintainence fee cost $2,500 to Los Santos Police Department's budget fund.
[2023/1/2 - 10:00:44] Vehicle ID 0 (Slot ID 156) Maintainence fee cost $2,500 to Los Santos Police Department's budget fund.
[2023/1/2 - 10:00:44] Vehicle ID 0 (Slot ID 161) Maintainence fee cost $2,500 to Los Santos Police Department's budget fund.
[2023/1/2 - 10:00:44] Vehicle ID 0 (Slot ID 165) Maintainence fee cost $3,500 to Los Santos Police Department's budget fund.
[2023/1/2 - 10:00:44] Vehicle ID 305 (Slot ID 179) Maintainence fee cost $0 to Los Santos Police Department's budget fund.
[2023/1/2 - 10:00:44] Vehicle ID 0 (Slot ID 204) Maintainence fee cost $2,500 to Los Santos Police Department's budget fund.
[2023/1/2 - 10:00:44] Vehicle ID 0 (Slot ID 208) Maintainence fee cost $2,500 to Los Santos Police Department's budget fund.
[2023/1/2 - 10:00:44] Vehicle ID 0 (Slot ID 239) Maintainence fee cost $3,500 to Los Santos Police Department's budget fund.
[2023/1/2 - 10:00:44] Vehicle ID 0 (Slot ID 257) Maintainence fee cost $2,000 to Los Santos Police Department's budget fund.
[2023/1/2 - 10:00:44] Vehicle ID 0 (Slot ID 281) Maintainence fee cost $3,000 to Los Santos Police Department's budget fund.
[2023/1/2 - 10:00:44] Vehicle ID 405 (Slot ID 344) Maintainence fee cost $0 to Los Santos Police Department's budget fund.
[2023/1/2 - 10:00:44] Vehicle ID 423 (Slot ID 372) Maintainence fee cost $0 to Los Santos Police Department's budget fund.
[2023/1/2 - 10:00:44] Vehicle ID 0 (Slot ID 400) Maintainence fee cost $0 to Los Santos Police Department's budget fund.
[2023/1/2 - 10:00:44] Vehicle ID 433 (Slot ID 403) Maintainence fee cost $0 to Los Santos Police Department's budget fund.
[2023/1/2 - 10:00:44] Vehicle ID 0 (Slot ID 405) Maintainence fee cost $0 to Los Santos Police Department's budget fund.
[2023/1/2 - 11:00:35] The faction vault is at $898.
[2023/1/2 - 11:00:35] SA Gov Paid $100,000 to Los Santos Police Department budget fund.
[2023/1/2 - 11:00:35] Vehicle ID 0 (Slot ID 3) Maintainence fee cost $2,500 to Los Santos Police Department's budget fund.
[2023/1/2 - 11:00:35] Vehicle ID 0 (Slot ID 7) Maintainence fee cost $2,000 to Los Santos Police Department's budget fund.
[2023/1/2 - 11:00:35] Vehicle ID 0 (Slot ID 11) Maintainence fee cost $2,500 to Los Santos Police Department's budget fund.
[2023/1/2 - 11:00:35] Vehicle ID 254 (Slot ID 21) Maintainence fee cost $0 to Los Santos Police Department's budget fund.
[2023/1/2 - 11:00:35] Vehicle ID 0 (Slot ID 27) Maintainence fee cost $2,500 to Los Santos Police Department's budget fund.
[2023/1/2 - 11:00:35] Vehicle ID 0 (Slot ID 28) Maintainence fee cost $5,000 to Los Santos Police Department's budget fund.
[2023/1/2 - 11:00:35] Vehicle ID 0 (Slot ID 30) Maintainence fee cost $3,500 to Los Santos Police Department's budget fund.
[2023/1/2 - 11:00:35] Vehicle ID 257 (Slot ID 33) Maintainence fee cost $0 to Los Santos Police Department's budget fund.
[2023/1/2 - 11:00:35] Vehicle ID 0 (Slot ID 38) Maintainence fee cost $2,000 to Los Santos Police Department's budget fund.
[2023/1/2 - 11:00:35] Vehicle ID 0 (Slot ID 46) Maintainence fee cost $2,500 to Los Santos Police Department's budget fund.
[2023/1/2 - 11:00:35] Vehicle ID 0 (Slot ID 51) Maintainence fee cost $3,500 to Los Santos Police Department's budget fund.
[2023/1/2 - 11:00:35] Vehicle ID 0 (Slot ID 60) Maintainence fee cost $2,000 to Los Santos Police Department's budget fund.
[2023/1/2 - 11:00:35] Vehicle ID 0 (Slot ID 61) Maintainence fee cost $3,500 to Los Santos Police Department's budget fund.
[2023/1/2 - 11:00:35] Vehicle ID 0 (Slot ID 66) Maintainence fee cost $2,500 to Los Santos Police Department's budget fund.
[2023/1/2 - 11:00:35] Vehicle ID 0 (Slot ID 72) Maintainence fee cost $3,000 to Los Santos Police Department's budget fund.
[2023/1/2 - 11:00:35] Vehicle ID 0 (Slot ID 74) Maintainence fee cost $2,500 to Los Santos Police Department's budget fund.
[2023/1/2 - 11:00:35] Vehicle ID 0 (Slot ID 79) Maintainence fee cost $4,500 to Los Santos Police Department's budget fund.
[2023/1/2 - 11:00:35] Vehicle ID 0 (Slot ID 81) Maintainence fee cost $3,500 to Los Santos Police Department's budget fund.
[2023/1/2 - 11:00:35] Vehicle ID 0 (Slot ID 83) Maintainence fee cost $2,500 to Los Santos Police Department's budget fund.
[2023/1/2 - 11:00:35] Vehicle ID 0 (Slot ID 89) Maintainence fee cost $3,000 to Los Santos Police Department's budget fund.
[2023/1/2 - 11:00:35] Vehicle ID 0 (Slot ID 94) Maintainence fee cost $2,500 to Los Santos Police Department's budget fund.
[2023/1/2 - 11:00:35] Vehicle ID 0 (Slot ID 119) Maintainence fee cost $2,500 to Los Santos Police Department's budget fund.
[2023/1/2 - 11:00:35] Vehicle ID 0 (Slot ID 122) Maintainence fee cost $2,500 to Los Santos Police Department's budget fund.
[2023/1/2 - 11:00:35] Vehicle ID 0 (Slot ID 130) Maintainence fee cost $2,500 to Los Santos Police Department's budget fund.
[2023/1/2 - 11:00:35] Vehicle ID 0 (Slot ID 131) Maintainence fee cost $2,500 to Los Santos Police Department's budget fund.
[2023/1/2 - 11:00:35] Vehicle ID 0 (Slot ID 133) Maintainence fee cost $2,500 to Los Santos Police Department's budget fund.
[2023/1/2 - 11:00:35] Vehicle ID 0 (Slot ID 141) Maintainence fee cost $2,500 to Los Santos Police Department's budget fund.
[2023/1/2 - 11:00:35] Vehicle ID 0 (Slot ID 143) Maintainence fee cost $2,500 to Los Santos Police Department's budget fund.
[2023/1/2 - 11:00:35] Vehicle ID 0 (Slot ID 145) Maintainence fee cost $2,500 to Los Santos Police Department's budget fund.
[2023/1/2 - 11:00:35] Vehicle ID 0 (Slot ID 148) Maintainence fee cost $2,500 to Los Santos Police Department's budget fund.
[2023/1/2 - 11:00:35] Vehicle ID 0 (Slot ID 156) Maintainence fee cost $2,500 to Los Santos Police Department's budget fund.
[2023/1/2 - 11:00:35] Vehicle ID 0 (Slot ID 161) Maintainence fee cost $2,500 to Los Santos Police Department's budget fund.
[2023/1/2 - 11:00:35] Vehicle ID 0 (Slot ID 165) Maintainence fee cost $3,500 to Los Santos Police Department's budget fund.
[2023/1/2 - 11:00:35] Vehicle ID 305 (Slot ID 179) Maintainence fee cost $0 to Los Santos Police Department's budget fund.
[2023/1/2 - 11:00:35] Vehicle ID 0 (Slot ID 204) Maintainence fee cost $2,500 to Los Santos Police Department's budget fund.
[2023/1/2 - 11:00:35] Vehicle ID 0 (Slot ID 208) Maintainence fee cost $2,500 to Los Santos Police Department's budget fund.
[2023/1/2 - 11:00:35] Vehicle ID 0 (Slot ID 239) Maintainence fee cost $3,500 to Los Santos Police Department's budget fund.
[2023/1/2 - 11:00:35] Vehicle ID 0 (Slot ID 257) Maintainence fee cost $2,000 to Los Santos Police Department's budget fund.
[2023/1/2 - 11:00:35] Vehicle ID 0 (Slot ID 281) Maintainence fee cost $3,000 to Los Santos Police Department's budget fund.
[2023/1/2 - 11:00:35] Vehicle ID 405 (Slot ID 344) Maintainence fee cost $0 to Los Santos Police Department's budget fund.
[2023/1/2 - 11:00:35] Vehicle ID 423 (Slot ID 372) Maintainence fee cost $0 to Los Santos Police Department's budget fund.
[2023/1/2 - 11:00:35] Vehicle ID 0 (Slot ID 400) Maintainence fee cost $0 to Los Santos Police Department's budget fund.
[2023/1/2 - 11:00:35] Vehicle ID 433 (Slot ID 403) Maintainence fee cost $0 to Los Santos Police Department's budget fund.
[2023/1/2 - 11:00:35] Vehicle ID 0 (Slot ID 405) Maintainence fee cost $0 to Los Santos Police Department's budget fund.
[2023/1/2 - 12:00:52] The faction vault is at $898.
[2023/1/2 - 12:00:52] SA Gov Paid $100,000 to Los Santos Police Department budget fund.
[2023/1/2 - 12:00:52] Vehicle ID 0 (Slot ID 3) Maintainence fee cost $2,500 to Los Santos Police Department's budget fund.
[2023/1/2 - 12:00:52] Vehicle ID 0 (Slot ID 7) Maintainence fee cost $2,000 to Los Santos Police Department's budget fund.
[2023/1/2 - 12:00:52] Vehicle ID 0 (Slot ID 11) Maintainence fee cost $2,500 to Los Santos Police Department's budget fund.
[2023/1/2 - 12:00:52] Vehicle ID 254 (Slot ID 21) Maintainence fee cost $0 to Los Santos Police Department's budget fund.
[2023/1/2 - 12:00:52] Vehicle ID 0 (Slot ID 27) Maintainence fee cost $2,500 to Los Santos Police Department's budget fund.
[2023/1/2 - 12:00:52] Vehicle ID 0 (Slot ID 28) Maintainence fee cost $5,000 to Los Santos Police Department's budget fund.
[2023/1/2 - 12:00:52] Vehicle ID 0 (Slot ID 30) Maintainence fee cost $3,500 to Los Santos Police Department's budget fund.
[2023/1/2 - 12:00:52] Vehicle ID 257 (Slot ID 33) Maintainence fee cost $0 to Los Santos Police Department's budget fund.
[2023/1/2 - 12:00:52] Vehicle ID 0 (Slot ID 38) Maintainence fee cost $2,000 to Los Santos Police Department's budget fund.
[2023/1/2 - 12:00:52] Vehicle ID 0 (Slot ID 46) Maintainence fee cost $2,500 to Los Santos Police Department's budget fund.
[2023/1/2 - 12:00:52] Vehicle ID 0 (Slot ID 51) Maintainence fee cost $3,500 to Los Santos Police Department's budget fund.
[2023/1/2 - 12:00:52] Vehicle ID 0 (Slot ID 60) Maintainence fee cost $2,000 to Los Santos Police Department's budget fund.
[2023/1/2 - 12:00:52] Vehicle ID 0 (Slot ID 61) Maintainence fee cost $3,500 to Los Santos Police Department's budget fund.
[2023/1/2 - 12:00:52] Vehicle ID 0 (Slot ID 66) Maintainence fee cost $2,500 to Los Santos Police Department's budget fund.
[2023/1/2 - 12:00:52] Vehicle ID 0 (Slot ID 72) Maintainence fee cost $3,000 to Los Santos Police Department's budget fund.
[2023/1/2 - 12:00:52] Vehicle ID 0 (Slot ID 74) Maintainence fee cost $2,500 to Los Santos Police Department's budget fund.
[2023/1/2 - 12:00:52] Vehicle ID 0 (Slot ID 79) Maintainence fee cost $4,500 to Los Santos Police Department's budget fund.
[2023/1/2 - 12:00:52] Vehicle ID 0 (Slot ID 81) Maintainence fee cost $3,500 to Los Santos Police Department's budget fund.
[2023/1/2 - 12:00:52] Vehicle ID 0 (Slot ID 83) Maintainence fee cost $2,500 to Los Santos Police Department's budget fund.
[2023/1/2 - 12:00:52] Vehicle ID 0 (Slot ID 89) Maintainence fee cost $3,000 to Los Santos Police Department's budget fund.
[2023/1/2 - 12:00:52] Vehicle ID 0 (Slot ID 94) Maintainence fee cost $2,500 to Los Santos Police Department's budget fund.
[2023/1/2 - 12:00:52] Vehicle ID 0 (Slot ID 119) Maintainence fee cost $2,500 to Los Santos Police Department's budget fund.
[2023/1/2 - 12:00:52] Vehicle ID 0 (Slot ID 122) Maintainence fee cost $2,500 to Los Santos Police Department's budget fund.
[2023/1/2 - 12:00:52] Vehicle ID 0 (Slot ID 130) Maintainence fee cost $2,500 to Los Santos Police Department's budget fund.
[2023/1/2 - 12:00:52] Vehicle ID 0 (Slot ID 131) Maintainence fee cost $2,500 to Los Santos Police Department's budget fund.
[2023/1/2 - 12:00:52] Vehicle ID 0 (Slot ID 133) Maintainence fee cost $2,500 to Los Santos Police Department's budget fund.
[2023/1/2 - 12:00:52] Vehicle ID 0 (Slot ID 141) Maintainence fee cost $2,500 to Los Santos Police Department's budget fund.
[2023/1/2 - 12:00:52] Vehicle ID 0 (Slot ID 143) Maintainence fee cost $2,500 to Los Santos Police Department's budget fund.
[2023/1/2 - 12:00:52] Vehicle ID 0 (Slot ID 145) Maintainence fee cost $2,500 to Los Santos Police Department's budget fund.
[2023/1/2 - 12:00:52] Vehicle ID 0 (Slot ID 148) Maintainence fee cost $2,500 to Los Santos Police Department's budget fund.
[2023/1/2 - 12:00:52] Vehicle ID 0 (Slot ID 156) Maintainence fee cost $2,500 to Los Santos Police Department's budget fund.
[2023/1/2 - 12:00:52] Vehicle ID 0 (Slot ID 161) Maintainence fee cost $2,500 to Los Santos Police Department's budget fund.
[2023/1/2 - 12:00:52] Vehicle ID 0 (Slot ID 165) Maintainence fee cost $3,500 to Los Santos Police Department's budget fund.
[2023/1/2 - 12:00:52] Vehicle ID 305 (Slot ID 179) Maintainence fee cost $0 to Los Santos Police Department's budget fund.
[2023/1/2 - 12:00:52] Vehicle ID 0 (Slot ID 204) Maintainence fee cost $2,500 to Los Santos Police Department's budget fund.
[2023/1/2 - 12:00:52] Vehicle ID 0 (Slot ID 208) Maintainence fee cost $2,500 to Los Santos Police Department's budget fund.
[2023/1/2 - 12:00:52] Vehicle ID 0 (Slot ID 239) Maintainence fee cost $3,500 to Los Santos Police Department's budget fund.
[2023/1/2 - 12:00:52] Vehicle ID 0 (Slot ID 257) Maintainence fee cost $2,000 to Los Santos Police Department's budget fund.
[2023/1/2 - 12:00:52] Vehicle ID 0 (Slot ID 281) Maintainence fee cost $3,000 to Los Santos Police Department's budget fund.
[2023/1/2 - 12:00:52] Vehicle ID 405 (Slot ID 344) Maintainence fee cost $0 to Los Santos Police Department's budget fund.
[2023/1/2 - 12:00:52] Vehicle ID 423 (Slot ID 372) Maintainence fee cost $0 to Los Santos Police Department's budget fund.
[2023/1/2 - 12:00:52] Vehicle ID 0 (Slot ID 400) Maintainence fee cost $0 to Los Santos Police Department's budget fund.
[2023/1/2 - 12:00:52] Vehicle ID 433 (Slot ID 403) Maintainence fee cost $0 to Los Santos Police Department's budget fund.
[2023/1/2 - 12:00:52] Vehicle ID 0 (Slot ID 405) Maintainence fee cost $0 to Los Santos Police Department's budget fund.
[2023/1/2 - 13:00:41] The faction vault is at $898.
[2023/1/2 - 13:00:41] SA Gov Paid $100,000 to Los Santos Police Department budget fund.
[2023/1/2 - 13:00:41] Vehicle ID 0 (Slot ID 3) Maintainence fee cost $2,500 to Los Santos Police Department's budget fund.
[2023/1/2 - 13:00:41] Vehicle ID 0 (Slot ID 7) Maintainence fee cost $2,000 to Los Santos Police Department's budget fund.
[2023/1/2 - 13:00:42] Vehicle ID 0 (Slot ID 11) Maintainence fee cost $2,500 to Los Santos Police Department's budget fund.
[2023/1/2 - 13:00:42] Vehicle ID 254 (Slot ID 21) Maintainence fee cost $0 to Los Santos Police Department's budget fund.
[2023/1/2 - 13:00:42] Vehicle ID 0 (Slot ID 27) Maintainence fee cost $2,500 to Los Santos Police Department's budget fund.
[2023/1/2 - 13:00:42] Vehicle ID 0 (Slot ID 28) Maintainence fee cost $5,000 to Los Santos Police Department's budget fund.
[2023/1/2 - 13:00:42] Vehicle ID 0 (Slot ID 30) Maintainence fee cost $3,500 to Los Santos Police Department's budget fund.
[2023/1/2 - 13:00:42] Vehicle ID 257 (Slot ID 33) Maintainence fee cost $0 to Los Santos Police Department's budget fund.
[2023/1/2 - 13:00:42] Vehicle ID 0 (Slot ID 38) Maintainence fee cost $2,000 to Los Santos Police Department's budget fund.
[2023/1/2 - 13:00:42] Vehicle ID 0 (Slot ID 46) Maintainence fee cost $2,500 to Los Santos Police Department's budget fund.
[2023/1/2 - 13:00:42] Vehicle ID 0 (Slot ID 51) Maintainence fee cost $3,500 to Los Santos Police Department's budget fund.
[2023/1/2 - 13:00:42] Vehicle ID 0 (Slot ID 60) Maintainence fee cost $2,000 to Los Santos Police Department's budget fund.
[2023/1/2 - 13:00:42] Vehicle ID 0 (Slot ID 61) Maintainence fee cost $3,500 to Los Santos Police Department's budget fund.
[2023/1/2 - 13:00:42] Vehicle ID 0 (Slot ID 66) Maintainence fee cost $2,500 to Los Santos Police Department's budget fund.
[2023/1/2 - 13:00:42] Vehicle ID 0 (Slot ID 72) Maintainence fee cost $3,000 to Los Santos Police Department's budget fund.
[2023/1/2 - 13:00:42] Vehicle ID 0 (Slot ID 74) Maintainence fee cost $2,500 to Los Santos Police Department's budget fund.
[2023/1/2 - 13:00:42] Vehicle ID 0 (Slot ID 79) Maintainence fee cost $4,500 to Los Santos Police Department's budget fund.
[2023/1/2 - 13:00:42] Vehicle ID 0 (Slot ID 81) Maintainence fee cost $3,500 to Los Santos Police Department's budget fund.
[2023/1/2 - 13:00:42] Vehicle ID 0 (Slot ID 83) Maintainence fee cost $2,500 to Los Santos Police Department's budget fund.
[2023/1/2 - 13:00:42] Vehicle ID 0 (Slot ID 89) Maintainence fee cost $3,000 to Los Santos Police Department's budget fund.
[2023/1/2 - 13:00:42] Vehicle ID 0 (Slot ID 94) Maintainence fee cost $2,500 to Los Santos Police Department's budget fund.
[2023/1/2 - 13:00:42] Vehicle ID 0 (Slot ID 119) Maintainence fee cost $2,500 to Los Santos Police Department's budget fund.
[2023/1/2 - 13:00:42] Vehicle ID 0 (Slot ID 122) Maintainence fee cost $2,500 to Los Santos Police Department's budget fund.
[2023/1/2 - 13:00:42] Vehicle ID 0 (Slot ID 130) Maintainence fee cost $2,500 to Los Santos Police Department's budget fund.
[2023/1/2 - 13:00:42] Vehicle ID 0 (Slot ID 131) Maintainence fee cost $2,500 to Los Santos Police Department's budget fund.
[2023/1/2 - 13:00:42] Vehicle ID 0 (Slot ID 133) Maintainence fee cost $2,500 to Los Santos Police Department's budget fund.
[2023/1/2 - 13:00:42] Vehicle ID 0 (Slot ID 141) Maintainence fee cost $2,500 to Los Santos Police Department's budget fund.
[2023/1/2 - 13:00:42] Vehicle ID 0 (Slot ID 143) Maintainence fee cost $2,500 to Los Santos Police Department's budget fund.
[2023/1/2 - 13:00:42] Vehicle ID 0 (Slot ID 145) Maintainence fee cost $2,500 to Los Santos Police Department's budget fund.
[2023/1/2 - 13:00:42] Vehicle ID 0 (Slot ID 148) Maintainence fee cost $2,500 to Los Santos Police Department's budget fund.
[2023/1/2 - 13:00:42] Vehicle ID 0 (Slot ID 156) Maintainence fee cost $2,500 to Los Santos Police Department's budget fund.
[2023/1/2 - 13:00:42] Vehicle ID 0 (Slot ID 161) Maintainence fee cost $2,500 to Los Santos Police Department's budget fund.
[2023/1/2 - 13:00:42] Vehicle ID 0 (Slot ID 165) Maintainence fee cost $3,500 to Los Santos Police Department's budget fund.
[2023/1/2 - 13:00:42] Vehicle ID 305 (Slot ID 179) Maintainence fee cost $0 to Los Santos Police Department's budget fund.
[2023/1/2 - 13:00:42] Vehicle ID 0 (Slot ID 204) Maintainence fee cost $2,500 to Los Santos Police Department's budget fund.
[2023/1/2 - 13:00:42] Vehicle ID 0 (Slot ID 208) Maintainence fee cost $2,500 to Los Santos Police Department's budget fund.
[2023/1/2 - 13:00:42] Vehicle ID 0 (Slot ID 239) Maintainence fee cost $3,500 to Los Santos Police Department's budget fund.
[2023/1/2 - 13:00:42] Vehicle ID 0 (Slot ID 257) Maintainence fee cost $2,000 to Los Santos Police Department's budget fund.
[2023/1/2 - 13:00:42] Vehicle ID 0 (Slot ID 281) Maintainence fee cost $3,000 to Los Santos Police Department's budget fund.
[2023/1/2 - 13:00:42] Vehicle ID 405 (Slot ID 344) Maintainence fee cost $0 to Los Santos Police Department's budget fund.
[2023/1/2 - 13:00:42] Vehicle ID 423 (Slot ID 372) Maintainence fee cost $0 to Los Santos Police Department's budget fund.
[2023/1/2 - 13:00:42] Vehicle ID 0 (Slot ID 400) Maintainence fee cost $0 to Los Santos Police Department's budget fund.
[2023/1/2 - 13:00:42] Vehicle ID 433 (Slot ID 403) Maintainence fee cost $0 to Los Santos Police Department's budget fund.
[2023/1/2 - 13:00:42] Vehicle ID 0 (Slot ID 405) Maintainence fee cost $0 to Los Santos Police Department's budget fund.
[2023/1/2 - 14:00:55] The faction vault is at $898.
[2023/1/2 - 14:00:55] SA Gov Paid $100,000 to Los Santos Police Department budget fund.
[2023/1/2 - 14:00:55] Vehicle ID 0 (Slot ID 3) Maintainence fee cost $2,500 to Los Santos Police Department's budget fund.
[2023/1/2 - 14:00:55] Vehicle ID 0 (Slot ID 7) Maintainence fee cost $2,000 to Los Santos Police Department's budget fund.
[2023/1/2 - 14:00:55] Vehicle ID 0 (Slot ID 11) Maintainence fee cost $2,500 to Los Santos Police Department's budget fund.
[2023/1/2 - 14:00:55] Vehicle ID 254 (Slot ID 21) Maintainence fee cost $0 to Los Santos Police Department's budget fund.
[2023/1/2 - 14:00:55] Vehicle ID 0 (Slot ID 27) Maintainence fee cost $2,500 to Los Santos Police Department's budget fund.
[2023/1/2 - 14:00:55] Vehicle ID 0 (Slot ID 28) Maintainence fee cost $5,000 to Los Santos Police Department's budget fund.
[2023/1/2 - 14:00:55] Vehicle ID 0 (Slot ID 30) Maintainence fee cost $3,500 to Los Santos Police Department's budget fund.
[2023/1/2 - 14:00:55] Vehicle ID 257 (Slot ID 33) Maintainence fee cost $0 to Los Santos Police Department's budget fund.
[2023/1/2 - 14:00:55] Vehicle ID 0 (Slot ID 38) Maintainence fee cost $2,000 to Los Santos Police Department's budget fund.
[2023/1/2 - 14:00:55] Vehicle ID 0 (Slot ID 46) Maintainence fee cost $2,500 to Los Santos Police Department's budget fund.
[2023/1/2 - 14:00:55] Vehicle ID 0 (Slot ID 51) Maintainence fee cost $3,500 to Los Santos Police Department's budget fund.
[2023/1/2 - 14:00:55] Vehicle ID 0 (Slot ID 60) Maintainence fee cost $2,000 to Los Santos Police Department's budget fund.
[2023/1/2 - 14:00:55] Vehicle ID 0 (Slot ID 61) Maintainence fee cost $3,500 to Los Santos Police Department's budget fund.
[2023/1/2 - 14:00:55] Vehicle ID 0 (Slot ID 66) Maintainence fee cost $2,500 to Los Santos Police Department's budget fund.
[2023/1/2 - 14:00:55] Vehicle ID 0 (Slot ID 72) Maintainence fee cost $3,000 to Los Santos Police Department's budget fund.
[2023/1/2 - 14:00:55] Vehicle ID 0 (Slot ID 74) Maintainence fee cost $2,500 to Los Santos Police Department's budget fund.
[2023/1/2 - 14:00:55] Vehicle ID 0 (Slot ID 79) Maintainence fee cost $4,500 to Los Santos Police Department's budget fund.
[2023/1/2 - 14:00:55] Vehicle ID 0 (Slot ID 81) Maintainence fee cost $3,500 to Los Santos Police Department's budget fund.
[2023/1/2 - 14:00:55] Vehicle ID 0 (Slot ID 83) Maintainence fee cost $2,500 to Los Santos Police Department's budget fund.
[2023/1/2 - 14:00:55] Vehicle ID 0 (Slot ID 89) Maintainence fee cost $3,000 to Los Santos Police Department's budget fund.
[2023/1/2 - 14:00:55] Vehicle ID 0 (Slot ID 94) Maintainence fee cost $2,500 to Los Santos Police Department's budget fund.
[2023/1/2 - 14:00:55] Vehicle ID 0 (Slot ID 119) Maintainence fee cost $2,500 to Los Santos Police Department's budget fund.
[2023/1/2 - 14:00:55] Vehicle ID 0 (Slot ID 122) Maintainence fee cost $2,500 to Los Santos Police Department's budget fund.
[2023/1/2 - 14:00:55] Vehicle ID 0 (Slot ID 130) Maintainence fee cost $2,500 to Los Santos Police Department's budget fund.
[2023/1/2 - 14:00:55] Vehicle ID 0 (Slot ID 131) Maintainence fee cost $2,500 to Los Santos Police Department's budget fund.
[2023/1/2 - 14:00:55] Vehicle ID 0 (Slot ID 133) Maintainence fee cost $2,500 to Los Santos Police Department's budget fund.
[2023/1/2 - 14:00:55] Vehicle ID 0 (Slot ID 141) Maintainence fee cost $2,500 to Los Santos Police Department's budget fund.
[2023/1/2 - 14:00:55] Vehicle ID 0 (Slot ID 143) Maintainence fee cost $2,500 to Los Santos Police Department's budget fund.
[2023/1/2 - 14:00:55] Vehicle ID 0 (Slot ID 145) Maintainence fee cost $2,500 to Los Santos Police Department's budget fund.
[2023/1/2 - 14:00:55] Vehicle ID 0 (Slot ID 148) Maintainence fee cost $2,500 to Los Santos Police Department's budget fund.
[2023/1/2 - 14:00:55] Vehicle ID 0 (Slot ID 156) Maintainence fee cost $2,500 to Los Santos Police Department's budget fund.
[2023/1/2 - 14:00:55] Vehicle ID 0 (Slot ID 161) Maintainence fee cost $2,500 to Los Santos Police Department's budget fund.
[2023/1/2 - 14:00:55] Vehicle ID 0 (Slot ID 165) Maintainence fee cost $3,500 to Los Santos Police Department's budget fund.
[2023/1/2 - 14:00:55] Vehicle ID 305 (Slot ID 179) Maintainence fee cost $0 to Los Santos Police Department's budget fund.
[2023/1/2 - 14:00:55] Vehicle ID 0 (Slot ID 204) Maintainence fee cost $2,500 to Los Santos Police Department's budget fund.
[2023/1/2 - 14:00:55] Vehicle ID 0 (Slot ID 208) Maintainence fee cost $2,500 to Los Santos Police Department's budget fund.
[2023/1/2 - 14:00:55] Vehicle ID 0 (Slot ID 239) Maintainence fee cost $3,500 to Los Santos Police Department's budget fund.
[2023/1/2 - 14:00:55] Vehicle ID 0 (Slot ID 257) Maintainence fee cost $2,000 to Los Santos Police Department's budget fund.
[2023/1/2 - 14:00:55] Vehicle ID 0 (Slot ID 281) Maintainence fee cost $3,000 to Los Santos Police Department's budget fund.
[2023/1/2 - 14:00:55] Vehicle ID 405 (Slot ID 344) Maintainence fee cost $0 to Los Santos Police Department's budget fund.
[2023/1/2 - 14:00:55] Vehicle ID 423 (Slot ID 372) Maintainence fee cost $0 to Los Santos Police Department's budget fund.
[2023/1/2 - 14:00:55] Vehicle ID 0 (Slot ID 400) Maintainence fee cost $0 to Los Santos Police Department's budget fund.
[2023/1/2 - 14:00:55] Vehicle ID 433 (Slot ID 403) Maintainence fee cost $0 to Los Santos Police Department's budget fund.
[2023/1/2 - 14:00:55] Vehicle ID 0 (Slot ID 405) Maintainence fee cost $0 to Los Santos Police Department's budget fund.
[2023/1/2 - 15:00:56] The faction vault is at $898.
[2023/1/2 - 15:01:00] SA Gov Paid $100,000 to Los Santos Police Department budget fund.
[2023/1/2 - 15:01:01] Vehicle ID 0 (Slot ID 3) Maintainence fee cost $2,500 to Los Santos Police Department's budget fund.
[2023/1/2 - 15:01:01] Vehicle ID 0 (Slot ID 7) Maintainence fee cost $2,000 to Los Santos Police Department's budget fund.
[2023/1/2 - 15:01:01] Vehicle ID 0 (Slot ID 11) Maintainence fee cost $2,500 to Los Santos Police Department's budget fund.
[2023/1/2 - 15:01:01] Vehicle ID 254 (Slot ID 21) Maintainence fee cost $0 to Los Santos Police Department's budget fund.
[2023/1/2 - 15:01:01] Vehicle ID 0 (Slot ID 27) Maintainence fee cost $2,500 to Los Santos Police Department's budget fund.
[2023/1/2 - 15:01:01] Vehicle ID 0 (Slot ID 28) Maintainence fee cost $5,000 to Los Santos Police Department's budget fund.
[2023/1/2 - 15:01:01] Vehicle ID 0 (Slot ID 30) Maintainence fee cost $3,500 to Los Santos Police Department's budget fund.
[2023/1/2 - 15:01:01] Vehicle ID 257 (Slot ID 33) Maintainence fee cost $0 to Los Santos Police Department's budget fund.
[2023/1/2 - 15:01:01] Vehicle ID 0 (Slot ID 38) Maintainence fee cost $2,000 to Los Santos Police Department's budget fund.
[2023/1/2 - 15:01:01] Vehicle ID 0 (Slot ID 46) Maintainence fee cost $2,500 to Los Santos Police Department's budget fund.
[2023/1/2 - 15:01:01] Vehicle ID 0 (Slot ID 51) Maintainence fee cost $3,500 to Los Santos Police Department's budget fund.
[2023/1/2 - 15:01:01] Vehicle ID 0 (Slot ID 60) Maintainence fee cost $2,000 to Los Santos Police Department's budget fund.
[2023/1/2 - 15:01:01] Vehicle ID 0 (Slot ID 61) Maintainence fee cost $3,500 to Los Santos Police Department's budget fund.
[2023/1/2 - 15:01:01] Vehicle ID 0 (Slot ID 66) Maintainence fee cost $2,500 to Los Santos Police Department's budget fund.
[2023/1/2 - 15:01:01] Vehicle ID 0 (Slot ID 72) Maintainence fee cost $3,000 to Los Santos Police Department's budget fund.
[2023/1/2 - 15:01:01] Vehicle ID 0 (Slot ID 74) Maintainence fee cost $2,500 to Los Santos Police Department's budget fund.
[2023/1/2 - 15:01:01] Vehicle ID 0 (Slot ID 79) Maintainence fee cost $4,500 to Los Santos Police Department's budget fund.
[2023/1/2 - 15:01:01] Vehicle ID 0 (Slot ID 81) Maintainence fee cost $3,500 to Los Santos Police Department's budget fund.
[2023/1/2 - 15:01:01] Vehicle ID 0 (Slot ID 83) Maintainence fee cost $2,500 to Los Santos Police Department's budget fund.
[2023/1/2 - 15:01:01] Vehicle ID 0 (Slot ID 89) Maintainence fee cost $3,000 to Los Santos Police Department's budget fund.
[2023/1/2 - 15:01:01] Vehicle ID 0 (Slot ID 94) Maintainence fee cost $2,500 to Los Santos Police Department's budget fund.
[2023/1/2 - 15:01:01] Vehicle ID 0 (Slot ID 119) Maintainence fee cost $2,500 to Los Santos Police Department's budget fund.
[2023/1/2 - 15:01:01] Vehicle ID 0 (Slot ID 122) Maintainence fee cost $2,500 to Los Santos Police Department's budget fund.
[2023/1/2 - 15:01:01] Vehicle ID 0 (Slot ID 130) Maintainence fee cost $2,500 to Los Santos Police Department's budget fund.
[2023/1/2 - 15:01:01] Vehicle ID 0 (Slot ID 131) Maintainence fee cost $2,500 to Los Santos Police Department's budget fund.
[2023/1/2 - 15:01:01] Vehicle ID 0 (Slot ID 133) Maintainence fee cost $2,500 to Los Santos Police Department's budget fund.
[2023/1/2 - 15:01:01] Vehicle ID 0 (Slot ID 141) Maintainence fee cost $2,500 to Los Santos Police Department's budget fund.
[2023/1/2 - 15:01:01] Vehicle ID 0 (Slot ID 143) Maintainence fee cost $2,500 to Los Santos Police Department's budget fund.
[2023/1/2 - 15:01:01] Vehicle ID 0 (Slot ID 145) Maintainence fee cost $2,500 to Los Santos Police Department's budget fund.
[2023/1/2 - 15:01:01] Vehicle ID 0 (Slot ID 148) Maintainence fee cost $2,500 to Los Santos Police Department's budget fund.
[2023/1/2 - 15:01:01] Vehicle ID 0 (Slot ID 156) Maintainence fee cost $2,500 to Los Santos Police Department's budget fund.
[2023/1/2 - 15:01:01] Vehicle ID 0 (Slot ID 161) Maintainence fee cost $2,500 to Los Santos Police Department's budget fund.
[2023/1/2 - 15:01:01] Vehicle ID 0 (Slot ID 165) Maintainence fee cost $3,500 to Los Santos Police Department's budget fund.
[2023/1/2 - 15:01:01] Vehicle ID 305 (Slot ID 179) Maintainence fee cost $0 to Los Santos Police Department's budget fund.
[2023/1/2 - 15:01:01] Vehicle ID 0 (Slot ID 204) Maintainence fee cost $2,500 to Los Santos Police Department's budget fund.
[2023/1/2 - 15:01:01] Vehicle ID 0 (Slot ID 208) Maintainence fee cost $2,500 to Los Santos Police Department's budget fund.
[2023/1/2 - 15:01:01] Vehicle ID 0 (Slot ID 239) Maintainence fee cost $3,500 to Los Santos Police Department's budget fund.
[2023/1/2 - 15:01:01] Vehicle ID 0 (Slot ID 257) Maintainence fee cost $2,000 to Los Santos Police Department's budget fund.
[2023/1/2 - 15:01:01] Vehicle ID 0 (Slot ID 281) Maintainence fee cost $3,000 to Los Santos Police Department's budget fund.
[2023/1/2 - 15:01:02] Vehicle ID 405 (Slot ID 344) Maintainence fee cost $0 to Los Santos Police Department's budget fund.
[2023/1/2 - 15:01:02] Vehicle ID 423 (Slot ID 372) Maintainence fee cost $0 to Los Santos Police Department's budget fund.
[2023/1/2 - 15:01:02] Vehicle ID 0 (Slot ID 400) Maintainence fee cost $0 to Los Santos Police Department's budget fund.
[2023/1/2 - 15:01:02] Vehicle ID 433 (Slot ID 403) Maintainence fee cost $0 to Los Santos Police Department's budget fund.
[2023/1/2 - 15:01:02] Vehicle ID 0 (Slot ID 405) Maintainence fee cost $0 to Los Santos Police Department's budget fund.
[2023/1/2 - 16:00:02] The faction vault is at $898.
[2023/1/2 - 16:00:02] SA Gov Paid $100,000 to Los Santos Police Department budget fund.
[2023/1/2 - 16:00:02] Vehicle ID 0 (Slot ID 3) Maintainence fee cost $2,500 to Los Santos Police Department's budget fund.
[2023/1/2 - 16:00:02] Vehicle ID 0 (Slot ID 7) Maintainence fee cost $2,000 to Los Santos Police Department's budget fund.
[2023/1/2 - 16:00:02] Vehicle ID 0 (Slot ID 11) Maintainence fee cost $2,500 to Los Santos Police Department's budget fund.
[2023/1/2 - 16:00:02] Vehicle ID 254 (Slot ID 21) Maintainence fee cost $0 to Los Santos Police Department's budget fund.
[2023/1/2 - 16:00:02] Vehicle ID 0 (Slot ID 27) Maintainence fee cost $2,500 to Los Santos Police Department's budget fund.
[2023/1/2 - 16:00:02] Vehicle ID 0 (Slot ID 28) Maintainence fee cost $5,000 to Los Santos Police Department's budget fund.
[2023/1/2 - 16:00:02] Vehicle ID 0 (Slot ID 30) Maintainence fee cost $3,500 to Los Santos Police Department's budget fund.
[2023/1/2 - 16:00:02] Vehicle ID 257 (Slot ID 33) Maintainence fee cost $0 to Los Santos Police Department's budget fund.
[2023/1/2 - 16:00:02] Vehicle ID 0 (Slot ID 38) Maintainence fee cost $2,000 to Los Santos Police Department's budget fund.
[2023/1/2 - 16:00:02] Vehicle ID 0 (Slot ID 46) Maintainence fee cost $2,500 to Los Santos Police Department's budget fund.
[2023/1/2 - 16:00:02] Vehicle ID 0 (Slot ID 51) Maintainence fee cost $3,500 to Los Santos Police Department's budget fund.
[2023/1/2 - 16:00:02] Vehicle ID 0 (Slot ID 60) Maintainence fee cost $2,000 to Los Santos Police Department's budget fund.
[2023/1/2 - 16:00:02] Vehicle ID 0 (Slot ID 61) Maintainence fee cost $3,500 to Los Santos Police Department's budget fund.
[2023/1/2 - 16:00:02] Vehicle ID 0 (Slot ID 66) Maintainence fee cost $2,500 to Los Santos Police Department's budget fund.
[2023/1/2 - 16:00:02] Vehicle ID 0 (Slot ID 72) Maintainence fee cost $3,000 to Los Santos Police Department's budget fund.
[2023/1/2 - 16:00:02] Vehicle ID 0 (Slot ID 74) Maintainence fee cost $2,500 to Los Santos Police Department's budget fund.
[2023/1/2 - 16:00:02] Vehicle ID 0 (Slot ID 79) Maintainence fee cost $4,500 to Los Santos Police Department's budget fund.
[2023/1/2 - 16:00:02] Vehicle ID 0 (Slot ID 81) Maintainence fee cost $3,500 to Los Santos Police Department's budget fund.
[2023/1/2 - 16:00:02] Vehicle ID 0 (Slot ID 83) Maintainence fee cost $2,500 to Los Santos Police Department's budget fund.
[2023/1/2 - 16:00:02] Vehicle ID 0 (Slot ID 89) Maintainence fee cost $3,000 to Los Santos Police Department's budget fund.
[2023/1/2 - 16:00:02] Vehicle ID 0 (Slot ID 94) Maintainence fee cost $2,500 to Los Santos Police Department's budget fund.
[2023/1/2 - 16:00:02] Vehicle ID 0 (Slot ID 119) Maintainence fee cost $2,500 to Los Santos Police Department's budget fund.
[2023/1/2 - 16:00:02] Vehicle ID 0 (Slot ID 122) Maintainence fee cost $2,500 to Los Santos Police Department's budget fund.
[2023/1/2 - 16:00:02] Vehicle ID 0 (Slot ID 130) Maintainence fee cost $2,500 to Los Santos Police Department's budget fund.
[2023/1/2 - 16:00:02] Vehicle ID 0 (Slot ID 131) Maintainence fee cost $2,500 to Los Santos Police Department's budget fund.
[2023/1/2 - 16:00:03] Vehicle ID 0 (Slot ID 133) Maintainence fee cost $2,500 to Los Santos Police Department's budget fund.
[2023/1/2 - 16:00:03] Vehicle ID 0 (Slot ID 141) Maintainence fee cost $2,500 to Los Santos Police Department's budget fund.
[2023/1/2 - 16:00:03] Vehicle ID 0 (Slot ID 143) Maintainence fee cost $2,500 to Los Santos Police Department's budget fund.
[2023/1/2 - 16:00:03] Vehicle ID 0 (Slot ID 145) Maintainence fee cost $2,500 to Los Santos Police Department's budget fund.
[2023/1/2 - 16:00:03] Vehicle ID 0 (Slot ID 148) Maintainence fee cost $2,500 to Los Santos Police Department's budget fund.
[2023/1/2 - 16:00:03] Vehicle ID 0 (Slot ID 156) Maintainence fee cost $2,500 to Los Santos Police Department's budget fund.
[2023/1/2 - 16:00:03] Vehicle ID 0 (Slot ID 161) Maintainence fee cost $2,500 to Los Santos Police Department's budget fund.
[2023/1/2 - 16:00:03] Vehicle ID 0 (Slot ID 165) Maintainence fee cost $3,500 to Los Santos Police Department's budget fund.
[2023/1/2 - 16:00:03] Vehicle ID 305 (Slot ID 179) Maintainence fee cost $0 to Los Santos Police Department's budget fund.
[2023/1/2 - 16:00:03] Vehicle ID 0 (Slot ID 204) Maintainence fee cost $2,500 to Los Santos Police Department's budget fund.
[2023/1/2 - 16:00:03] Vehicle ID 0 (Slot ID 208) Maintainence fee cost $2,500 to Los Santos Police Department's budget fund.
[2023/1/2 - 16:00:03] Vehicle ID 0 (Slot ID 239) Maintainence fee cost $3,500 to Los Santos Police Department's budget fund.
[2023/1/2 - 16:00:03] Vehicle ID 0 (Slot ID 257) Maintainence fee cost $2,000 to Los Santos Police Department's budget fund.
[2023/1/2 - 16:00:03] Vehicle ID 0 (Slot ID 281) Maintainence fee cost $3,000 to Los Santos Police Department's budget fund.
[2023/1/2 - 16:00:03] Vehicle ID 405 (Slot ID 344) Maintainence fee cost $0 to Los Santos Police Department's budget fund.
[2023/1/2 - 16:00:03] Vehicle ID 423 (Slot ID 372) Maintainence fee cost $0 to Los Santos Police Department's budget fund.
[2023/1/2 - 16:00:03] Vehicle ID 0 (Slot ID 400) Maintainence fee cost $0 to Los Santos Police Department's budget fund.
[2023/1/2 - 16:00:03] Vehicle ID 433 (Slot ID 403) Maintainence fee cost $0 to Los Santos Police Department's budget fund.
[2023/1/2 - 16:00:03] Vehicle ID 0 (Slot ID 405) Maintainence fee cost $0 to Los Santos Police Department's budget fund.
[2023/1/2 - 18:31:22] The faction vault is at $898.
[2023/1/2 - 18:31:24] SA Gov Paid $100,000 to Los Santos Police Department budget fund.
[2023/1/2 - 18:31:34] Vehicle ID 0 (Slot ID 3) Maintainence fee cost $2,500 to Los Santos Police Department's budget fund.
[2023/1/2 - 18:31:35] Vehicle ID 0 (Slot ID 7) Maintainence fee cost $2,000 to Los Santos Police Department's budget fund.
[2023/1/2 - 18:31:36] Vehicle ID 0 (Slot ID 11) Maintainence fee cost $2,500 to Los Santos Police Department's budget fund.
[2023/1/2 - 18:31:36] Vehicle ID 254 (Slot ID 21) Maintainence fee cost $0 to Los Santos Police Department's budget fund.
[2023/1/2 - 18:31:36] Vehicle ID 0 (Slot ID 27) Maintainence fee cost $2,500 to Los Santos Police Department's budget fund.
[2023/1/2 - 18:31:36] Vehicle ID 0 (Slot ID 28) Maintainence fee cost $5,000 to Los Santos Police Department's budget fund.
[2023/1/2 - 18:31:36] Vehicle ID 0 (Slot ID 30) Maintainence fee cost $3,500 to Los Santos Police Department's budget fund.
[2023/1/2 - 18:31:36] Vehicle ID 257 (Slot ID 33) Maintainence fee cost $0 to Los Santos Police Department's budget fund.
[2023/1/2 - 18:31:36] Vehicle ID 0 (Slot ID 38) Maintainence fee cost $2,000 to Los Santos Police Department's budget fund.
[2023/1/2 - 18:31:36] Vehicle ID 0 (Slot ID 46) Maintainence fee cost $2,500 to Los Santos Police Department's budget fund.
[2023/1/2 - 18:31:36] Vehicle ID 0 (Slot ID 51) Maintainence fee cost $3,500 to Los Santos Police Department's budget fund.
[2023/1/2 - 18:31:36] Vehicle ID 0 (Slot ID 60) Maintainence fee cost $2,000 to Los Santos Police Department's budget fund.
[2023/1/2 - 18:31:36] Vehicle ID 0 (Slot ID 61) Maintainence fee cost $3,500 to Los Santos Police Department's budget fund.
[2023/1/2 - 18:31:36] Vehicle ID 0 (Slot ID 66) Maintainence fee cost $2,500 to Los Santos Police Department's budget fund.
[2023/1/2 - 18:31:36] Vehicle ID 0 (Slot ID 72) Maintainence fee cost $3,000 to Los Santos Police Department's budget fund.
[2023/1/2 - 18:31:36] Vehicle ID 0 (Slot ID 74) Maintainence fee cost $2,500 to Los Santos Police Department's budget fund.
[2023/1/2 - 18:31:36] Vehicle ID 0 (Slot ID 79) Maintainence fee cost $4,500 to Los Santos Police Department's budget fund.
[2023/1/2 - 18:31:36] Vehicle ID 0 (Slot ID 81) Maintainence fee cost $3,500 to Los Santos Police Department's budget fund.
[2023/1/2 - 18:31:36] Vehicle ID 0 (Slot ID 83) Maintainence fee cost $2,500 to Los Santos Police Department's budget fund.
[2023/1/2 - 18:31:36] Vehicle ID 0 (Slot ID 89) Maintainence fee cost $3,000 to Los Santos Police Department's budget fund.
[2023/1/2 - 18:31:36] Vehicle ID 0 (Slot ID 94) Maintainence fee cost $2,500 to Los Santos Police Department's budget fund.
[2023/1/2 - 18:31:36] Vehicle ID 0 (Slot ID 119) Maintainence fee cost $2,500 to Los Santos Police Department's budget fund.
[2023/1/2 - 18:31:36] Vehicle ID 0 (Slot ID 122) Maintainence fee cost $2,500 to Los Santos Police Department's budget fund.
[2023/1/2 - 18:31:36] Vehicle ID 0 (Slot ID 130) Maintainence fee cost $2,500 to Los Santos Police Department's budget fund.
[2023/1/2 - 18:31:36] Vehicle ID 0 (Slot ID 131) Maintainence fee cost $2,500 to Los Santos Police Department's budget fund.
[2023/1/2 - 18:31:36] Vehicle ID 0 (Slot ID 133) Maintainence fee cost $2,500 to Los Santos Police Department's budget fund.
[2023/1/2 - 18:31:36] Vehicle ID 0 (Slot ID 141) Maintainence fee cost $2,500 to Los Santos Police Department's budget fund.
[2023/1/2 - 18:31:36] Vehicle ID 0 (Slot ID 143) Maintainence fee cost $2,500 to Los Santos Police Department's budget fund.
[2023/1/2 - 18:31:36] Vehicle ID 0 (Slot ID 145) Maintainence fee cost $2,500 to Los Santos Police Department's budget fund.
[2023/1/2 - 18:31:36] Vehicle ID 0 (Slot ID 148) Maintainence fee cost $2,500 to Los Santos Police Department's budget fund.
[2023/1/2 - 18:31:36] Vehicle ID 0 (Slot ID 156) Maintainence fee cost $2,500 to Los Santos Police Department's budget fund.
[2023/1/2 - 18:31:36] Vehicle ID 0 (Slot ID 161) Maintainence fee cost $2,500 to Los Santos Police Department's budget fund.
[2023/1/2 - 18:31:36] Vehicle ID 0 (Slot ID 165) Maintainence fee cost $3,500 to Los Santos Police Department's budget fund.
[2023/1/2 - 18:31:36] Vehicle ID 305 (Slot ID 179) Maintainence fee cost $0 to Los Santos Police Department's budget fund.
[2023/1/2 - 18:31:36] Vehicle ID 0 (Slot ID 204) Maintainence fee cost $2,500 to Los Santos Police Department's budget fund.
[2023/1/2 - 18:31:36] Vehicle ID 0 (Slot ID 208) Maintainence fee cost $2,500 to Los Santos Police Department's budget fund.
[2023/1/2 - 18:31:36] Vehicle ID 0 (Slot ID 239) Maintainence fee cost $3,500 to Los Santos Police Department's budget fund.
[2023/1/2 - 18:31:36] Vehicle ID 0 (Slot ID 257) Maintainence fee cost $2,000 to Los Santos Police Department's budget fund.
[2023/1/2 - 18:31:36] Vehicle ID 0 (Slot ID 281) Maintainence fee cost $3,000 to Los Santos Police Department's budget fund.
[2023/1/2 - 18:31:47] Vehicle ID 405 (Slot ID 344) Maintainence fee cost $0 to Los Santos Police Department's budget fund.
[2023/1/2 - 18:31:47] Vehicle ID 423 (Slot ID 372) Maintainence fee cost $0 to Los Santos Police Department's budget fund.
[2023/1/2 - 18:31:51] Vehicle ID 0 (Slot ID 400) Maintainence fee cost $0 to Los Santos Police Department's budget fund.
[2023/1/2 - 18:31:51] Vehicle ID 433 (Slot ID 403) Maintainence fee cost $0 to Los Santos Police Department's budget fund.
[2023/1/2 - 18:31:51] Vehicle ID 0 (Slot ID 405) Maintainence fee cost $0 to Los Santos Police Department's budget fund.
[2023/1/2 - 21:38:27] The faction vault is at $898.
[2023/1/2 - 21:38:27] SA Gov Paid $100,000 to Los Santos Police Department budget fund.
[2023/1/2 - 21:38:29] Vehicle ID 0 (Slot ID 3) Maintainence fee cost $2,500 to Los Santos Police Department's budget fund.
[2023/1/2 - 21:38:29] Vehicle ID 0 (Slot ID 7) Maintainence fee cost $2,000 to Los Santos Police Department's budget fund.
[2023/1/2 - 21:38:29] Vehicle ID 0 (Slot ID 11) Maintainence fee cost $2,500 to Los Santos Police Department's budget fund.
[2023/1/2 - 21:38:29] Vehicle ID 254 (Slot ID 21) Maintainence fee cost $0 to Los Santos Police Department's budget fund.
[2023/1/2 - 21:38:29] Vehicle ID 0 (Slot ID 27) Maintainence fee cost $2,500 to Los Santos Police Department's budget fund.
[2023/1/2 - 21:38:29] Vehicle ID 0 (Slot ID 28) Maintainence fee cost $5,000 to Los Santos Police Department's budget fund.
[2023/1/2 - 21:38:29] Vehicle ID 0 (Slot ID 30) Maintainence fee cost $3,500 to Los Santos Police Department's budget fund.
[2023/1/2 - 21:38:29] Vehicle ID 257 (Slot ID 33) Maintainence fee cost $0 to Los Santos Police Department's budget fund.
[2023/1/2 - 21:38:29] Vehicle ID 0 (Slot ID 38) Maintainence fee cost $2,000 to Los Santos Police Department's budget fund.
[2023/1/2 - 21:38:29] Vehicle ID 0 (Slot ID 46) Maintainence fee cost $2,500 to Los Santos Police Department's budget fund.
[2023/1/2 - 21:38:29] Vehicle ID 0 (Slot ID 51) Maintainence fee cost $3,500 to Los Santos Police Department's budget fund.
[2023/1/2 - 21:38:29] Vehicle ID 0 (Slot ID 60) Maintainence fee cost $2,000 to Los Santos Police Department's budget fund.
[2023/1/2 - 21:38:29] Vehicle ID 0 (Slot ID 61) Maintainence fee cost $3,500 to Los Santos Police Department's budget fund.
[2023/1/2 - 21:38:29] Vehicle ID 0 (Slot ID 66) Maintainence fee cost $2,500 to Los Santos Police Department's budget fund.
[2023/1/2 - 21:38:29] Vehicle ID 0 (Slot ID 72) Maintainence fee cost $3,000 to Los Santos Police Department's budget fund.
[2023/1/2 - 21:38:29] Vehicle ID 0 (Slot ID 74) Maintainence fee cost $2,500 to Los Santos Police Department's budget fund.
[2023/1/2 - 21:38:29] Vehicle ID 0 (Slot ID 79) Maintainence fee cost $4,500 to Los Santos Police Department's budget fund.
[2023/1/2 - 21:38:29] Vehicle ID 0 (Slot ID 81) Maintainence fee cost $3,500 to Los Santos Police Department's budget fund.
[2023/1/2 - 21:38:29] Vehicle ID 0 (Slot ID 83) Maintainence fee cost $2,500 to Los Santos Police Department's budget fund.
[2023/1/2 - 21:38:29] Vehicle ID 0 (Slot ID 89) Maintainence fee cost $3,000 to Los Santos Police Department's budget fund.
[2023/1/2 - 21:38:29] Vehicle ID 0 (Slot ID 94) Maintainence fee cost $2,500 to Los Santos Police Department's budget fund.
[2023/1/2 - 21:38:29] Vehicle ID 0 (Slot ID 119) Maintainence fee cost $2,500 to Los Santos Police Department's budget fund.
[2023/1/2 - 21:38:29] Vehicle ID 0 (Slot ID 122) Maintainence fee cost $2,500 to Los Santos Police Department's budget fund.
[2023/1/2 - 21:38:29] Vehicle ID 0 (Slot ID 130) Maintainence fee cost $2,500 to Los Santos Police Department's budget fund.
[2023/1/2 - 21:38:29] Vehicle ID 0 (Slot ID 131) Maintainence fee cost $2,500 to Los Santos Police Department's budget fund.
[2023/1/2 - 21:38:29] Vehicle ID 0 (Slot ID 133) Maintainence fee cost $2,500 to Los Santos Police Department's budget fund.
[2023/1/2 - 21:38:29] Vehicle ID 0 (Slot ID 141) Maintainence fee cost $2,500 to Los Santos Police Department's budget fund.
[2023/1/2 - 21:38:29] Vehicle ID 0 (Slot ID 143) Maintainence fee cost $2,500 to Los Santos Police Department's budget fund.
[2023/1/2 - 21:38:29] Vehicle ID 0 (Slot ID 145) Maintainence fee cost $2,500 to Los Santos Police Department's budget fund.
[2023/1/2 - 21:38:29] Vehicle ID 0 (Slot ID 148) Maintainence fee cost $2,500 to Los Santos Police Department's budget fund.
[2023/1/2 - 21:38:29] Vehicle ID 0 (Slot ID 156) Maintainence fee cost $2,500 to Los Santos Police Department's budget fund.
[2023/1/2 - 21:38:29] Vehicle ID 0 (Slot ID 161) Maintainence fee cost $2,500 to Los Santos Police Department's budget fund.
[2023/1/2 - 21:38:29] Vehicle ID 0 (Slot ID 165) Maintainence fee cost $3,500 to Los Santos Police Department's budget fund.
[2023/1/2 - 21:38:29] Vehicle ID 305 (Slot ID 179) Maintainence fee cost $0 to Los Santos Police Department's budget fund.
[2023/1/2 - 21:38:29] Vehicle ID 0 (Slot ID 204) Maintainence fee cost $2,500 to Los Santos Police Department's budget fund.
[2023/1/2 - 21:38:29] Vehicle ID 0 (Slot ID 208) Maintainence fee cost $2,500 to Los Santos Police Department's budget fund.
[2023/1/2 - 21:38:29] Vehicle ID 0 (Slot ID 239) Maintainence fee cost $3,500 to Los Santos Police Department's budget fund.
[2023/1/2 - 21:38:29] Vehicle ID 0 (Slot ID 257) Maintainence fee cost $2,000 to Los Santos Police Department's budget fund.
[2023/1/2 - 21:38:29] Vehicle ID 0 (Slot ID 281) Maintainence fee cost $3,000 to Los Santos Police Department's budget fund.
[2023/1/2 - 21:38:30] Vehicle ID 405 (Slot ID 344) Maintainence fee cost $0 to Los Santos Police Department's budget fund.
[2023/1/2 - 21:38:30] Vehicle ID 423 (Slot ID 372) Maintainence fee cost $0 to Los Santos Police Department's budget fund.
[2023/1/2 - 21:38:31] Vehicle ID 0 (Slot ID 400) Maintainence fee cost $0 to Los Santos Police Department's budget fund.
[2023/1/2 - 21:38:31] Vehicle ID 433 (Slot ID 403) Maintainence fee cost $0 to Los Santos Police Department's budget fund.
[2023/1/2 - 21:38:31] Vehicle ID 0 (Slot ID 405) Maintainence fee cost $0 to Los Santos Police Department's budget fund.
[2023/1/2 - 22:00:52] The faction vault is at $898.
[2023/1/2 - 22:00:52] SA Gov Paid $100,000 to Los Santos Police Department budget fund.
[2023/1/2 - 22:00:52] Vehicle ID 0 (Slot ID 3) Maintainence fee cost $2,500 to Los Santos Police Department's budget fund.
[2023/1/2 - 22:00:53] Vehicle ID 0 (Slot ID 7) Maintainence fee cost $2,000 to Los Santos Police Department's budget fund.
[2023/1/2 - 22:00:53] Vehicle ID 0 (Slot ID 11) Maintainence fee cost $2,500 to Los Santos Police Department's budget fund.
[2023/1/2 - 22:00:53] Vehicle ID 254 (Slot ID 21) Maintainence fee cost $0 to Los Santos Police Department's budget fund.
[2023/1/2 - 22:00:53] Vehicle ID 0 (Slot ID 27) Maintainence fee cost $2,500 to Los Santos Police Department's budget fund.
[2023/1/2 - 22:00:53] Vehicle ID 0 (Slot ID 28) Maintainence fee cost $5,000 to Los Santos Police Department's budget fund.
[2023/1/2 - 22:00:53] Vehicle ID 0 (Slot ID 30) Maintainence fee cost $3,500 to Los Santos Police Department's budget fund.
[2023/1/2 - 22:00:53] Vehicle ID 257 (Slot ID 33) Maintainence fee cost $0 to Los Santos Police Department's budget fund.
[2023/1/2 - 22:00:53] Vehicle ID 0 (Slot ID 38) Maintainence fee cost $2,000 to Los Santos Police Department's budget fund.
[2023/1/2 - 22:00:53] Vehicle ID 0 (Slot ID 46) Maintainence fee cost $2,500 to Los Santos Police Department's budget fund.
[2023/1/2 - 22:00:53] Vehicle ID 0 (Slot ID 51) Maintainence fee cost $3,500 to Los Santos Police Department's budget fund.
[2023/1/2 - 22:00:53] Vehicle ID 0 (Slot ID 60) Maintainence fee cost $2,000 to Los Santos Police Department's budget fund.
[2023/1/2 - 22:00:53] Vehicle ID 0 (Slot ID 61) Maintainence fee cost $3,500 to Los Santos Police Department's budget fund.
[2023/1/2 - 22:00:53] Vehicle ID 0 (Slot ID 66) Maintainence fee cost $2,500 to Los Santos Police Department's budget fund.
[2023/1/2 - 22:00:53] Vehicle ID 0 (Slot ID 72) Maintainence fee cost $3,000 to Los Santos Police Department's budget fund.
[2023/1/2 - 22:00:53] Vehicle ID 0 (Slot ID 74) Maintainence fee cost $2,500 to Los Santos Police Department's budget fund.
[2023/1/2 - 22:00:53] Vehicle ID 0 (Slot ID 79) Maintainence fee cost $4,500 to Los Santos Police Department's budget fund.
[2023/1/2 - 22:00:53] Vehicle ID 0 (Slot ID 81) Maintainence fee cost $3,500 to Los Santos Police Department's budget fund.
[2023/1/2 - 22:00:53] Vehicle ID 0 (Slot ID 83) Maintainence fee cost $2,500 to Los Santos Police Department's budget fund.
[2023/1/2 - 22:00:53] Vehicle ID 0 (Slot ID 89) Maintainence fee cost $3,000 to Los Santos Police Department's budget fund.
[2023/1/2 - 22:00:53] Vehicle ID 0 (Slot ID 94) Maintainence fee cost $2,500 to Los Santos Police Department's budget fund.
[2023/1/2 - 22:00:53] Vehicle ID 0 (Slot ID 119) Maintainence fee cost $2,500 to Los Santos Police Department's budget fund.
[2023/1/2 - 22:00:53] Vehicle ID 0 (Slot ID 122) Maintainence fee cost $2,500 to Los Santos Police Department's budget fund.
[2023/1/2 - 22:00:53] Vehicle ID 0 (Slot ID 130) Maintainence fee cost $2,500 to Los Santos Police Department's budget fund.
[2023/1/2 - 22:00:53] Vehicle ID 0 (Slot ID 131) Maintainence fee cost $2,500 to Los Santos Police Department's budget fund.
[2023/1/2 - 22:00:53] Vehicle ID 0 (Slot ID 133) Maintainence fee cost $2,500 to Los Santos Police Department's budget fund.
[2023/1/2 - 22:00:53] Vehicle ID 0 (Slot ID 141) Maintainence fee cost $2,500 to Los Santos Police Department's budget fund.
[2023/1/2 - 22:00:53] Vehicle ID 0 (Slot ID 143) Maintainence fee cost $2,500 to Los Santos Police Department's budget fund.
[2023/1/2 - 22:00:53] Vehicle ID 0 (Slot ID 145) Maintainence fee cost $2,500 to Los Santos Police Department's budget fund.
[2023/1/2 - 22:00:53] Vehicle ID 0 (Slot ID 148) Maintainence fee cost $2,500 to Los Santos Police Department's budget fund.
[2023/1/2 - 22:00:53] Vehicle ID 0 (Slot ID 156) Maintainence fee cost $2,500 to Los Santos Police Department's budget fund.
[2023/1/2 - 22:00:53] Vehicle ID 0 (Slot ID 161) Maintainence fee cost $2,500 to Los Santos Police Department's budget fund.
[2023/1/2 - 22:00:53] Vehicle ID 0 (Slot ID 165) Maintainence fee cost $3,500 to Los Santos Police Department's budget fund.
[2023/1/2 - 22:00:53] Vehicle ID 305 (Slot ID 179) Maintainence fee cost $0 to Los Santos Police Department's budget fund.
[2023/1/2 - 22:00:53] Vehicle ID 0 (Slot ID 204) Maintainence fee cost $2,500 to Los Santos Police Department's budget fund.
[2023/1/2 - 22:00:53] Vehicle ID 0 (Slot ID 208) Maintainence fee cost $2,500 to Los Santos Police Department's budget fund.
[2023/1/2 - 22:00:53] Vehicle ID 0 (Slot ID 239) Maintainence fee cost $3,500 to Los Santos Police Department's budget fund.
[2023/1/2 - 22:00:53] Vehicle ID 0 (Slot ID 257) Maintainence fee cost $2,000 to Los Santos Police Department's budget fund.
[2023/1/2 - 22:00:53] Vehicle ID 0 (Slot ID 281) Maintainence fee cost $3,000 to Los Santos Police Department's budget fund.
[2023/1/2 - 22:00:54] Vehicle ID 405 (Slot ID 344) Maintainence fee cost $0 to Los Santos Police Department's budget fund.
[2023/1/2 - 22:00:54] Vehicle ID 423 (Slot ID 372) Maintainence fee cost $0 to Los Santos Police Department's budget fund.
[2023/1/2 - 22:00:54] Vehicle ID 0 (Slot ID 400) Maintainence fee cost $0 to Los Santos Police Department's budget fund.
[2023/1/2 - 22:00:54] Vehicle ID 433 (Slot ID 403) Maintainence fee cost $0 to Los Santos Police Department's budget fund.
[2023/1/2 - 22:00:54] Vehicle ID 0 (Slot ID 405) Maintainence fee cost $0 to Los Santos Police Department's budget fund.
