[2023/6/17 - 5:05:17] SA Gov Paid $100,000 to Los Santos Police Department budget fund.
[2023/6/17 - 5:05:21] SA Gov Paid $100,000 to SHAFT (( Closed )) budget fund.
[2023/6/17 - 5:05:23] The tax vault is at $106,800,545
[2023/6/17 - 5:05:23] SA Gov Paid $50,000 to San Andreas National Guard budget fund.
[2023/6/17 - 5:05:24] SA Gov Paid $50,000 to SA Fire and Medical Department budget fund.
[2023/6/17 - 5:05:26] SA Gov Paid $50,000 to San Andreas Supreme Court budget fund.
[2023/6/17 - 14:15:39] SA Gov Paid $100,000 to Los Santos Police Department budget fund.
[2023/6/17 - 14:15:41] SA Gov Paid $100,000 to SHAFT (( Closed )) budget fund.
[2023/6/17 - 14:15:41] The tax vault is at $106,450,545
[2023/6/17 - 14:15:41] SA Gov Paid $50,000 to San Andreas National Guard budget fund.
[2023/6/17 - 14:15:42] SA Gov Paid $50,000 to SA Fire and Medical Department budget fund.
[2023/6/17 - 14:15:42] SA Gov Paid $50,000 to San Andreas Supreme Court budget fund.
[2023/6/17 - 15:00:59] SA Gov Paid $100,000 to Los Santos Police Department budget fund.
[2023/6/17 - 15:01:59] SA Gov Paid $100,000 to SHAFT (( Closed )) budget fund.
[2023/6/17 - 15:02:02] The tax vault is at $106,100,545
[2023/6/17 - 15:02:03] SA Gov Paid $50,000 to San Andreas National Guard budget fund.
[2023/6/17 - 15:02:07] SA Gov Paid $50,000 to SA Fire and Medical Department budget fund.
[2023/6/17 - 15:02:12] SA Gov Paid $50,000 to San Andreas Supreme Court budget fund.
[2023/6/17 - 16:00:29] SA Gov Paid $100,000 to Los Santos Police Department budget fund.
[2023/6/17 - 16:00:35] SA Gov Paid $100,000 to SHAFT (( Closed )) budget fund.
[2023/6/17 - 16:00:35] The tax vault is at $105,750,545
[2023/6/17 - 16:00:35] SA Gov Paid $50,000 to San Andreas National Guard budget fund.
[2023/6/17 - 16:00:35] SA Gov Paid $50,000 to SA Fire and Medical Department budget fund.
[2023/6/17 - 16:00:35] SA Gov Paid $50,000 to San Andreas Supreme Court budget fund.
[2023/6/17 - 17:00:29] SA Gov Paid $100,000 to Los Santos Police Department budget fund.
[2023/6/17 - 17:00:31] SA Gov Paid $100,000 to SHAFT (( Closed )) budget fund.
[2023/6/17 - 17:00:31] The tax vault is at $105,400,545
[2023/6/17 - 17:00:31] SA Gov Paid $50,000 to San Andreas National Guard budget fund.
[2023/6/17 - 17:00:31] SA Gov Paid $50,000 to SA Fire and Medical Department budget fund.
[2023/6/17 - 17:00:31] SA Gov Paid $50,000 to San Andreas Supreme Court budget fund.
[2023/6/17 - 21:54:13] SA Gov Paid $100,000 to Los Santos Police Department budget fund.
[2023/6/17 - 21:54:30] SA Gov Paid $100,000 to SHAFT (( Closed )) budget fund.
[2023/6/17 - 21:54:31] The tax vault is at $105,050,545
[2023/6/17 - 21:54:32] SA Gov Paid $50,000 to San Andreas National Guard budget fund.
[2023/6/17 - 21:54:33] SA Gov Paid $50,000 to SA Fire and Medical Department budget fund.
[2023/6/17 - 21:54:38] SA Gov Paid $50,000 to San Andreas Supreme Court budget fund.
[2023/6/17 - 21:55:18] SA Gov Paid $100,000 to Los Santos Police Department budget fund.
[2023/6/17 - 21:55:21] SA Gov Paid $100,000 to SHAFT (( Closed )) budget fund.
[2023/6/17 - 21:55:21] The tax vault is at $104,700,545
[2023/6/17 - 21:55:21] SA Gov Paid $50,000 to San Andreas National Guard budget fund.
[2023/6/17 - 21:55:21] SA Gov Paid $50,000 to SA Fire and Medical Department budget fund.
[2023/6/17 - 21:55:21] SA Gov Paid $50,000 to San Andreas Supreme Court budget fund.
[2023/6/17 - 22:00:28] SA Gov Paid $100,000 to Los Santos Police Department budget fund.
[2023/6/17 - 22:00:28] SA Gov Paid $100,000 to SHAFT (( Closed )) budget fund.
[2023/6/17 - 22:00:28] The tax vault is at $104,350,545
[2023/6/17 - 22:00:28] SA Gov Paid $50,000 to San Andreas National Guard budget fund.
[2023/6/17 - 22:00:28] SA Gov Paid $50,000 to SA Fire and Medical Department budget fund.
[2023/6/17 - 22:00:28] SA Gov Paid $50,000 to San Andreas Supreme Court budget fund.
