[2023/1/2 - 9:00:36] The tax vault is at $114,350,295
[2023/1/2 - 10:00:44] SA Gov Paid $100,000 to Los Santos Police Department budget fund.
[2023/1/2 - 10:00:45] SA Gov Paid $100,000 to SHAFT (( Closed )) budget fund.
[2023/1/2 - 10:00:45] The tax vault is at $114,150,295
[2023/1/2 - 10:00:45] SA Gov Paid $50,000 to San Andreas National Guard budget fund.
[2023/1/2 - 10:00:45] SA Gov Paid $50,000 to SA Fire and Medical Department budget fund.
[2023/1/2 - 10:00:45] SA Gov Paid $50,000 to San Andreas Supreme Court budget fund.
[2023/1/2 - 11:00:35] SA Gov Paid $100,000 to Los Santos Police Department budget fund.
[2023/1/2 - 11:00:36] SA Gov Paid $100,000 to SHAFT (( Closed )) budget fund.
[2023/1/2 - 11:00:36] The tax vault is at $113,800,295
[2023/1/2 - 11:00:36] SA Gov Paid $50,000 to San Andreas National Guard budget fund.
[2023/1/2 - 11:00:36] SA Gov Paid $50,000 to SA Fire and Medical Department budget fund.
[2023/1/2 - 11:00:36] SA Gov Paid $50,000 to San Andreas Supreme Court budget fund.
[2023/1/2 - 12:00:52] SA Gov Paid $100,000 to Los Santos Police Department budget fund.
[2023/1/2 - 12:00:53] SA Gov Paid $100,000 to SHAFT (( Closed )) budget fund.
[2023/1/2 - 12:00:53] The tax vault is at $113,450,295
[2023/1/2 - 12:00:53] SA Gov Paid $50,000 to San Andreas National Guard budget fund.
[2023/1/2 - 12:00:53] SA Gov Paid $50,000 to SA Fire and Medical Department budget fund.
[2023/1/2 - 12:00:53] SA Gov Paid $50,000 to San Andreas Supreme Court budget fund.
[2023/1/2 - 13:00:41] SA Gov Paid $100,000 to Los Santos Police Department budget fund.
[2023/1/2 - 13:00:43] SA Gov Paid $100,000 to SHAFT (( Closed )) budget fund.
[2023/1/2 - 13:00:43] The tax vault is at $113,100,295
[2023/1/2 - 13:00:43] SA Gov Paid $50,000 to San Andreas National Guard budget fund.
[2023/1/2 - 13:00:43] SA Gov Paid $50,000 to SA Fire and Medical Department budget fund.
[2023/1/2 - 13:00:44] SA Gov Paid $50,000 to San Andreas Supreme Court budget fund.
[2023/1/2 - 14:00:55] SA Gov Paid $100,000 to Los Santos Police Department budget fund.
[2023/1/2 - 14:00:56] SA Gov Paid $100,000 to SHAFT (( Closed )) budget fund.
[2023/1/2 - 14:00:56] The tax vault is at $112,750,295
[2023/1/2 - 14:00:56] SA Gov Paid $50,000 to San Andreas National Guard budget fund.
[2023/1/2 - 14:00:56] SA Gov Paid $50,000 to SA Fire and Medical Department budget fund.
[2023/1/2 - 14:00:56] SA Gov Paid $50,000 to San Andreas Supreme Court budget fund.
[2023/1/2 - 15:01:00] SA Gov Paid $100,000 to Los Santos Police Department budget fund.
[2023/1/2 - 15:01:04] SA Gov Paid $100,000 to SHAFT (( Closed )) budget fund.
[2023/1/2 - 15:01:05] The tax vault is at $112,400,295
[2023/1/2 - 15:01:06] SA Gov Paid $50,000 to San Andreas National Guard budget fund.
[2023/1/2 - 15:01:06] SA Gov Paid $50,000 to SA Fire and Medical Department budget fund.
[2023/1/2 - 15:01:07] SA Gov Paid $50,000 to San Andreas Supreme Court budget fund.
[2023/1/2 - 16:00:02] SA Gov Paid $100,000 to Los Santos Police Department budget fund.
[2023/1/2 - 16:00:05] SA Gov Paid $100,000 to SHAFT (( Closed )) budget fund.
[2023/1/2 - 16:00:05] The tax vault is at $112,050,295
[2023/1/2 - 16:00:05] SA Gov Paid $50,000 to San Andreas National Guard budget fund.
[2023/1/2 - 16:00:06] SA Gov Paid $50,000 to SA Fire and Medical Department budget fund.
[2023/1/2 - 16:00:06] SA Gov Paid $50,000 to San Andreas Supreme Court budget fund.
[2023/1/2 - 18:31:30] SA Gov Paid $100,000 to Los Santos Police Department budget fund.
[2023/1/2 - 18:32:13] SA Gov Paid $100,000 to SHAFT (( Closed )) budget fund.
[2023/1/2 - 18:32:16] The tax vault is at $111,700,295
[2023/1/2 - 18:32:17] SA Gov Paid $50,000 to San Andreas National Guard budget fund.
[2023/1/2 - 18:32:21] SA Gov Paid $50,000 to SA Fire and Medical Department budget fund.
[2023/1/2 - 18:32:28] SA Gov Paid $50,000 to San Andreas Supreme Court budget fund.
[2023/1/2 - 21:38:29] SA Gov Paid $100,000 to Los Santos Police Department budget fund.
[2023/1/2 - 21:38:32] SA Gov Paid $100,000 to SHAFT (( Closed )) budget fund.
[2023/1/2 - 21:38:32] The tax vault is at $111,350,295
[2023/1/2 - 21:38:32] SA Gov Paid $50,000 to San Andreas National Guard budget fund.
[2023/1/2 - 21:38:32] SA Gov Paid $50,000 to SA Fire and Medical Department budget fund.
[2023/1/2 - 21:38:32] SA Gov Paid $50,000 to San Andreas Supreme Court budget fund.
[2023/1/2 - 22:00:52] SA Gov Paid $100,000 to Los Santos Police Department budget fund.
[2023/1/2 - 22:00:56] SA Gov Paid $100,000 to SHAFT (( Closed )) budget fund.
[2023/1/2 - 22:00:56] The tax vault is at $111,000,295
[2023/1/2 - 22:00:57] SA Gov Paid $50,000 to San Andreas National Guard budget fund.
[2023/1/2 - 22:00:57] SA Gov Paid $50,000 to SA Fire and Medical Department budget fund.
[2023/1/2 - 22:00:57] SA Gov Paid $50,000 to San Andreas Supreme Court budget fund.
