[2023/1/7 - 12:01:16] SA Gov Paid $100,000 to Los Santos Police Department budget fund.
[2023/1/7 - 12:01:18] SA Gov Paid $100,000 to SHAFT (( Closed )) budget fund.
[2023/1/7 - 12:01:18] The tax vault is at $109,600,295
[2023/1/7 - 12:01:18] SA Gov Paid $50,000 to San Andreas National Guard budget fund.
[2023/1/7 - 12:01:18] SA Gov Paid $50,000 to SA Fire and Medical Department budget fund.
[2023/1/7 - 12:01:18] SA Gov Paid $50,000 to San Andreas Supreme Court budget fund.
[2023/1/7 - 12:39:09] A Business has paid $250 in sales tax.
[2023/1/7 - 13:00:13] SA Gov Paid $100,000 to Los Santos Police Department budget fund.
[2023/1/7 - 13:00:14] SA Gov Paid $100,000 to SHAFT (( Closed )) budget fund.
[2023/1/7 - 13:00:14] The tax vault is at $109,250,545
[2023/1/7 - 13:00:14] SA Gov Paid $50,000 to San Andreas National Guard budget fund.
[2023/1/7 - 13:00:14] SA Gov Paid $50,000 to SA Fire and Medical Department budget fund.
[2023/1/7 - 13:00:15] SA Gov Paid $50,000 to San Andreas Supreme Court budget fund.
[2023/1/7 - 14:00:58] SA Gov Paid $100,000 to Los Santos Police Department budget fund.
[2023/1/7 - 14:00:59] SA Gov Paid $100,000 to SHAFT (( Closed )) budget fund.
[2023/1/7 - 14:00:59] The tax vault is at $108,900,545
[2023/1/7 - 14:00:59] SA Gov Paid $50,000 to San Andreas National Guard budget fund.
[2023/1/7 - 14:00:59] SA Gov Paid $50,000 to SA Fire and Medical Department budget fund.
[2023/1/7 - 14:00:59] SA Gov Paid $50,000 to San Andreas Supreme Court budget fund.
[2023/1/7 - 15:00:57] SA Gov Paid $100,000 to Los Santos Police Department budget fund.
[2023/1/7 - 15:00:58] SA Gov Paid $100,000 to SHAFT (( Closed )) budget fund.
[2023/1/7 - 15:00:58] The tax vault is at $108,550,545
[2023/1/7 - 15:00:58] SA Gov Paid $50,000 to San Andreas National Guard budget fund.
[2023/1/7 - 15:00:58] SA Gov Paid $50,000 to SA Fire and Medical Department budget fund.
[2023/1/7 - 15:00:59] SA Gov Paid $50,000 to San Andreas Supreme Court budget fund.
[2023/1/7 - 16:00:40] SA Gov Paid $100,000 to Los Santos Police Department budget fund.
[2023/1/7 - 16:00:41] SA Gov Paid $100,000 to SHAFT (( Closed )) budget fund.
[2023/1/7 - 16:00:41] The tax vault is at $108,200,545
[2023/1/7 - 16:00:41] SA Gov Paid $50,000 to San Andreas National Guard budget fund.
[2023/1/7 - 16:00:41] SA Gov Paid $50,000 to SA Fire and Medical Department budget fund.
[2023/1/7 - 16:00:41] SA Gov Paid $50,000 to San Andreas Supreme Court budget fund.
[2023/1/7 - 22:09:32] SA Gov Paid $100,000 to Los Santos Police Department budget fund.
[2023/1/7 - 22:09:35] SA Gov Paid $100,000 to SHAFT (( Closed )) budget fund.
[2023/1/7 - 22:09:35] The tax vault is at $107,850,545
[2023/1/7 - 22:09:36] SA Gov Paid $50,000 to San Andreas National Guard budget fund.
[2023/1/7 - 22:09:37] SA Gov Paid $50,000 to SA Fire and Medical Department budget fund.
[2023/1/7 - 22:09:37] SA Gov Paid $50,000 to San Andreas Supreme Court budget fund.
[2023/1/7 - 22:10:42] SA Gov Paid $100,000 to Los Santos Police Department budget fund.
[2023/1/7 - 22:10:45] SA Gov Paid $100,000 to SHAFT (( Closed )) budget fund.
[2023/1/7 - 22:10:45] The tax vault is at $107,500,545
[2023/1/7 - 22:10:46] SA Gov Paid $50,000 to San Andreas National Guard budget fund.
[2023/1/7 - 22:10:46] SA Gov Paid $50,000 to SA Fire and Medical Department budget fund.
[2023/1/7 - 22:10:46] SA Gov Paid $50,000 to San Andreas Supreme Court budget fund.
[2023/1/7 - 23:00:29] SA Gov Paid $100,000 to Los Santos Police Department budget fund.
[2023/1/7 - 23:00:31] SA Gov Paid $100,000 to SHAFT (( Closed )) budget fund.
[2023/1/7 - 23:00:31] The tax vault is at $107,150,545
[2023/1/7 - 23:00:31] SA Gov Paid $50,000 to San Andreas National Guard budget fund.
[2023/1/7 - 23:00:31] SA Gov Paid $50,000 to SA Fire and Medical Department budget fund.
[2023/1/7 - 23:00:32] SA Gov Paid $50,000 to San Andreas Supreme Court budget fund.
