[2023/6/19 - 14:00:56] SA Gov Paid $100,000 to Los Santos Police Department budget fund.
[2023/6/19 - 14:00:56] SA Gov Paid $100,000 to SHAFT (( Closed )) budget fund.
[2023/6/19 - 14:00:56] The tax vault is at $103,650,545
[2023/6/19 - 14:00:56] SA Gov Paid $50,000 to San Andreas National Guard budget fund.
[2023/6/19 - 14:00:56] SA Gov Paid $50,000 to SA Fire and Medical Department budget fund.
[2023/6/19 - 14:00:56] SA Gov Paid $50,000 to San Andreas Supreme Court budget fund.
[2023/6/19 - 15:00:25] SA Gov Paid $100,000 to Los Santos Police Department budget fund.
[2023/6/19 - 15:00:25] SA Gov Paid $100,000 to SHAFT (( Closed )) budget fund.
[2023/6/19 - 15:00:25] The tax vault is at $103,300,545
[2023/6/19 - 15:00:25] SA Gov Paid $50,000 to San Andreas National Guard budget fund.
[2023/6/19 - 15:00:25] SA Gov Paid $50,000 to SA Fire and Medical Department budget fund.
[2023/6/19 - 15:00:25] SA Gov Paid $50,000 to San Andreas Supreme Court budget fund.
[2023/6/19 - 18:00:18] SA Gov Paid $100,000 to Los Santos Police Department budget fund.
[2023/6/19 - 18:00:18] SA Gov Paid $100,000 to SHAFT (( Closed )) budget fund.
[2023/6/19 - 18:00:18] The tax vault is at $102,950,545
[2023/6/19 - 18:00:18] SA Gov Paid $50,000 to San Andreas National Guard budget fund.
[2023/6/19 - 18:00:18] SA Gov Paid $50,000 to SA Fire and Medical Department budget fund.
[2023/6/19 - 18:00:19] SA Gov Paid $50,000 to San Andreas Supreme Court budget fund.
[2023/6/19 - 19:00:28] SA Gov Paid $100,000 to Los Santos Police Department budget fund.
[2023/6/19 - 19:00:28] SA Gov Paid $100,000 to SHAFT (( Closed )) budget fund.
[2023/6/19 - 19:00:28] The tax vault is at $102,600,545
[2023/6/19 - 19:00:28] SA Gov Paid $50,000 to San Andreas National Guard budget fund.
[2023/6/19 - 19:00:29] SA Gov Paid $50,000 to SA Fire and Medical Department budget fund.
[2023/6/19 - 19:00:29] SA Gov Paid $50,000 to San Andreas Supreme Court budget fund.
[2023/6/19 - 21:32:33] SA Gov Paid $100,000 to Los Santos Police Department budget fund.
[2023/6/19 - 21:32:35] SA Gov Paid $100,000 to SHAFT (( Closed )) budget fund.
[2023/6/19 - 21:32:35] The tax vault is at $102,250,545
[2023/6/19 - 21:32:35] SA Gov Paid $50,000 to San Andreas National Guard budget fund.
[2023/6/19 - 21:32:35] SA Gov Paid $50,000 to SA Fire and Medical Department budget fund.
[2023/6/19 - 21:32:35] SA Gov Paid $50,000 to San Andreas Supreme Court budget fund.
